[ 2015-12-18T15:36:13+08:00 ] 220.181.38.113 /oauth
INFO: [ app_init ] --START--
INFO: Run Behavior\BuildLiteBehavior [ RunTime:0.000463s ]
INFO: [ app_init ] --END-- [ RunTime:0.006055s ]
INFO: [ app_begin ] --START--
INFO: Run Behavior\ReadHtmlCacheBehavior [ RunTime:0.006464s ]
INFO: [ app_begin ] --END-- [ RunTime:0.007478s ]
ERR: 无法加载控制器:Oauth

[ 2015-12-18T15:36:17+08:00 ] 220.181.38.113 /
INFO: [ app_init ] --START--
INFO: Run Behavior\BuildLiteBehavior [ RunTime:0.000202s ]
INFO: [ app_init ] --END-- [ RunTime:0.005102s ]
INFO: [ app_begin ] --START--
INFO: Run Behavior\ReadHtmlCacheBehavior [ RunTime:0.007097s ]
INFO: [ app_begin ] --END-- [ RunTime:0.010321s ]
INFO: [ view_parse ] --START--
INFO: [ template_filter ] --START--
INFO: Run Behavior\ContentReplaceBehavior [ RunTime:0.014871s ]
INFO: [ template_filter ] --END-- [ RunTime:0.015807s ]
INFO: Run Behavior\ParseTemplateBehavior [ RunTime:0.139010s ]
INFO: [ view_parse ] --END-- [ RunTime:0.139937s ]
INFO: [ view_filter ] --START--
INFO: Run Behavior\WriteHtmlCacheBehavior [ RunTime:0.002010s ]
INFO: [ view_filter ] --END-- [ RunTime:0.002866s ]
INFO: [ app_end ] --START--
INFO: Run Behavior\ShowPageTraceBehavior [ RunTime:0.011894s ]
INFO: [ app_end ] --END-- [ RunTime:0.012742s ]

[ 2015-12-18T15:38:25+08:00 ] 220.181.38.113 /oauth/authorize
INFO: [ app_init ] --START--
INFO: Run Behavior\BuildLiteBehavior [ RunTime:0.000200s ]
INFO: [ app_init ] --END-- [ RunTime:0.004837s ]
INFO: [ app_begin ] --START--
INFO: Run Behavior\ReadHtmlCacheBehavior [ RunTime:0.008351s ]
INFO: [ app_begin ] --END-- [ RunTime:0.009217s ]
ERR: 无法加载控制器:Authorize

[ 2015-12-18T15:38:29+08:00 ] 220.181.38.113 /oauth/
INFO: [ app_init ] --START--
INFO: Run Behavior\BuildLiteBehavior [ RunTime:0.000200s ]
INFO: [ app_init ] --END-- [ RunTime:0.004859s ]
INFO: [ app_begin ] --START--
INFO: Run Behavior\ReadHtmlCacheBehavior [ RunTime:0.007017s ]
INFO: [ app_begin ] --END-- [ RunTime:0.007894s ]
INFO: [ view_parse ] --START--
INFO: Run Behavior\ParseTemplateBehavior [ RunTime:0.001947s ]
INFO: [ view_parse ] --END-- [ RunTime:0.002821s ]
INFO: [ view_filter ] --START--
INFO: Run Behavior\WriteHtmlCacheBehavior [ RunTime:0.002113s ]
INFO: [ view_filter ] --END-- [ RunTime:0.002932s ]
INFO: [ app_end ] --START--
INFO: Run Behavior\ShowPageTraceBehavior [ RunTime:0.006584s ]
INFO: [ app_end ] --END-- [ RunTime:0.007536s ]

[ 2015-12-18T15:38:41+08:00 ] 220.181.38.113 /oauth/authorize
INFO: [ app_init ] --START--
INFO: Run Behavior\BuildLiteBehavior [ RunTime:0.000197s ]
INFO: [ app_init ] --END-- [ RunTime:0.005083s ]
INFO: [ app_begin ] --START--
INFO: Run Behavior\ReadHtmlCacheBehavior [ RunTime:0.006918s ]
INFO: [ app_begin ] --END-- [ RunTime:0.007783s ]
ERR: 无法加载控制器:Authorize

[ 2015-12-18T15:38:43+08:00 ] 220.181.38.113 /oauth/authorize
INFO: [ app_init ] --START--
INFO: Run Behavior\BuildLiteBehavior [ RunTime:0.000452s ]
INFO: [ app_init ] --END-- [ RunTime:0.005217s ]
INFO: [ app_begin ] --START--
INFO: Run Behavior\ReadHtmlCacheBehavior [ RunTime:0.007052s ]
INFO: [ app_begin ] --END-- [ RunTime:0.007917s ]
ERR: 无法加载控制器:Authorize

[ 2015-12-18T15:38:44+08:00 ] 220.181.38.113 /oauth/
INFO: [ app_init ] --START--
INFO: Run Behavior\BuildLiteBehavior [ RunTime:0.000200s ]
INFO: [ app_init ] --END-- [ RunTime:0.005109s ]
INFO: [ app_begin ] --START--
INFO: Run Behavior\ReadHtmlCacheBehavior [ RunTime:0.012659s ]
INFO: [ app_begin ] --END-- [ RunTime:0.013523s ]
INFO: [ view_parse ] --START--
INFO: Run Behavior\ParseTemplateBehavior [ RunTime:0.002074s ]
INFO: [ view_parse ] --END-- [ RunTime:0.002944s ]
INFO: [ view_filter ] --START--
INFO: Run Behavior\WriteHtmlCacheBehavior [ RunTime:0.001863s ]
INFO: [ view_filter ] --END-- [ RunTime:0.002743s ]
INFO: [ app_end ] --START--
INFO: Run Behavior\ShowPageTraceBehavior [ RunTime:0.016970s ]
INFO: [ app_end ] --END-- [ RunTime:0.017808s ]

[ 2015-12-18T15:39:36+08:00 ] 220.181.38.113 /oauth/
INFO: [ app_init ] --START--
INFO: Run Behavior\BuildLiteBehavior [ RunTime:0.000200s ]
INFO: [ app_init ] --END-- [ RunTime:0.005123s ]
INFO: [ app_begin ] --START--
INFO: Run Behavior\ReadHtmlCacheBehavior [ RunTime:0.006978s ]
INFO: [ app_begin ] --END-- [ RunTime:0.007849s ]
INFO: [ view_parse ] --START--
INFO: Run Behavior\ParseTemplateBehavior [ RunTime:0.001867s ]
INFO: [ view_parse ] --END-- [ RunTime:0.002999s ]
INFO: [ view_filter ] --START--
INFO: Run Behavior\WriteHtmlCacheBehavior [ RunTime:0.001805s ]
INFO: [ view_filter ] --END-- [ RunTime:0.002619s ]
INFO: [ app_end ] --START--
INFO: Run Behavior\ShowPageTraceBehavior [ RunTime:0.006932s ]
INFO: [ app_end ] --END-- [ RunTime:0.007849s ]

[ 2015-12-18T15:39:41+08:00 ] 220.181.38.113 /oauth/authorize
INFO: [ app_init ] --START--
INFO: Run Behavior\BuildLiteBehavior [ RunTime:0.000202s ]
INFO: [ app_init ] --END-- [ RunTime:0.004974s ]
INFO: [ app_begin ] --START--
INFO: Run Behavior\ReadHtmlCacheBehavior [ RunTime:0.006792s ]
INFO: [ app_begin ] --END-- [ RunTime:0.007769s ]
ERR: 无法加载控制器:Authorize

[ 2015-12-18T15:39:43+08:00 ] 220.181.38.113 /oauth/authorize
INFO: [ app_init ] --START--
INFO: Run Behavior\BuildLiteBehavior [ RunTime:0.000519s ]
INFO: [ app_init ] --END-- [ RunTime:0.005188s ]
INFO: [ app_begin ] --START--
INFO: Run Behavior\ReadHtmlCacheBehavior [ RunTime:0.006932s ]
INFO: [ app_begin ] --END-- [ RunTime:0.007805s ]
ERR: 无法加载控制器:Authorize

[ 2015-12-18T15:40:20+08:00 ] 220.181.38.113 /oauth/authorize
INFO: [ app_init ] --START--
INFO: Run Behavior\BuildLiteBehavior [ RunTime:0.000203s ]
INFO: [ app_init ] --END-- [ RunTime:0.004834s ]
INFO: [ app_begin ] --START--
INFO: Run Behavior\ReadHtmlCacheBehavior [ RunTime:0.020185s ]
INFO: [ app_begin ] --END-- [ RunTime:0.021077s ]
INFO: [ app_end ] --START--
INFO: Run Behavior\ShowPageTraceBehavior [ RunTime:0.012032s ]
INFO: [ app_end ] --END-- [ RunTime:0.013026s ]

[ 2015-12-18T18:18:11+08:00 ] 220.181.38.113 /oauth/authorize?client_id=1010&response_type=code&display=page&state=1450433884&redirect_uri=http%3A%2F%2Fpassport.baidu.com%2Fphoenix%2Faccount%2Fafterauth%3Fmkey%3D22bf4acc01648285a03b9c93b460e552
INFO: [ app_init ] --START--
INFO: Run Behavior\BuildLiteBehavior [ RunTime:0.000201s ]
INFO: [ app_init ] --END-- [ RunTime:0.005170s ]
INFO: [ app_begin ] --START--
INFO: Run Behavior\ReadHtmlCacheBehavior [ RunTime:0.006992s ]
INFO: [ app_begin ] --END-- [ RunTime:0.007871s ]
INFO: [ app_end ] --START--
INFO: Run Behavior\ShowPageTraceBehavior [ RunTime:0.006852s ]
INFO: [ app_end ] --END-- [ RunTime:0.007750s ]

[ 2015-12-18T18:19:37+08:00 ] 220.181.38.113 /oauth/authorize?client_id=1010&response_type=code&display=page&state=1450433884&redirect_uri=http%3A%2F%2Fpassport.baidu.com%2Fphoenix%2Faccount%2Fafterauth%3Fmkey%3D22bf4acc01648285a03b9c93b460e552
INFO: [ app_init ] --START--
INFO: Run Behavior\BuildLiteBehavior [ RunTime:0.000204s ]
INFO: [ app_init ] --END-- [ RunTime:0.005204s ]
INFO: [ app_begin ] --START--
INFO: Run Behavior\ReadHtmlCacheBehavior [ RunTime:0.006591s ]
INFO: [ app_begin ] --END-- [ RunTime:0.007483s ]
INFO: [ app_end ] --START--
INFO: Run Behavior\ShowPageTraceBehavior [ RunTime:0.006817s ]
INFO: [ app_end ] --END-- [ RunTime:0.007689s ]

[ 2015-12-18T18:20:51+08:00 ] 220.181.38.113 /oauth/authorize?client_id=1010&response_type=code&display=page&state=1450433884&redirect_uri=http%3A%2F%2Fpassport.baidu.com%2Fphoenix%2Faccount%2Fafterauth%3Fmkey%3D22bf4acc01648285a03b9c93b460e552
INFO: [ app_init ] --START--
INFO: Run Behavior\BuildLiteBehavior [ RunTime:0.000200s ]
INFO: [ app_init ] --END-- [ RunTime:0.005042s ]
INFO: [ app_begin ] --START--
INFO: Run Behavior\ReadHtmlCacheBehavior [ RunTime:0.006826s ]
INFO: [ app_begin ] --END-- [ RunTime:0.007761s ]
INFO: [ app_end ] --START--
INFO: Run Behavior\ShowPageTraceBehavior [ RunTime:0.007417s ]
INFO: [ app_end ] --END-- [ RunTime:0.008291s ]

[ 2015-12-18T18:20:52+08:00 ] 220.181.38.113 /oauth/authorize?client_id=1010&response_type=code&display=page&state=1450433884&redirect_uri=http%3A%2F%2Fpassport.baidu.com%2Fphoenix%2Faccount%2Fafterauth%3Fmkey%3D22bf4acc01648285a03b9c93b460e552
INFO: [ app_init ] --START--
INFO: Run Behavior\BuildLiteBehavior [ RunTime:0.000203s ]
INFO: [ app_init ] --END-- [ RunTime:0.005001s ]
INFO: [ app_begin ] --START--
INFO: Run Behavior\ReadHtmlCacheBehavior [ RunTime:0.007043s ]
INFO: [ app_begin ] --END-- [ RunTime:0.007917s ]
INFO: [ app_end ] --START--
INFO: Run Behavior\ShowPageTraceBehavior [ RunTime:0.007241s ]
INFO: [ app_end ] --END-- [ RunTime:0.008118s ]

[ 2015-12-18T18:21:53+08:00 ] 220.181.38.113 /oauth/authorize?client_id=1010&response_type=code&display=page&state=1450433884&redirect_uri=http%3A%2F%2Fpassport.baidu.com%2Fphoenix%2Faccount%2Fafterauth%3Fmkey%3D22bf4acc01648285a03b9c93b460e552
INFO: [ app_init ] --START--
INFO: Run Behavior\BuildLiteBehavior [ RunTime:0.000198s ]
INFO: [ app_init ] --END-- [ RunTime:0.005311s ]
INFO: [ app_begin ] --START--
INFO: Run Behavior\ReadHtmlCacheBehavior [ RunTime:0.006635s ]
INFO: [ app_begin ] --END-- [ RunTime:0.007774s ]
INFO: [ app_end ] --START--
INFO: Run Behavior\ShowPageTraceBehavior [ RunTime:0.006913s ]
INFO: [ app_end ] --END-- [ RunTime:0.007787s ]

[ 2015-12-18T18:21:55+08:00 ] 220.181.38.113 /oauth/authorize?client_id=1010&response_type=code&display=page&state=1450433884&redirect_uri=http%3A%2F%2Fpassport.baidu.com%2Fphoenix%2Faccount%2Fafterauth%3Fmkey%3D22bf4acc01648285a03b9c93b460e552
INFO: [ app_init ] --START--
INFO: Run Behavior\BuildLiteBehavior [ RunTime:0.000201s ]
INFO: [ app_init ] --END-- [ RunTime:0.005109s ]
INFO: [ app_begin ] --START--
INFO: Run Behavior\ReadHtmlCacheBehavior [ RunTime:0.006975s ]
INFO: [ app_begin ] --END-- [ RunTime:0.007841s ]
INFO: [ app_end ] --START--
INFO: Run Behavior\ShowPageTraceBehavior [ RunTime:0.007019s ]
INFO: [ app_end ] --END-- [ RunTime:0.008011s ]

[ 2015-12-18T18:22:31+08:00 ] 220.181.38.113 /oauth/authorize?client_id=1010&response_type=code&display=page&state=1450433884&redirect_uri=http%3A%2F%2Fpassport.baidu.com%2Fphoenix%2Faccount%2Fafterauth%3Fmkey%3D22bf4acc01648285a03b9c93b460e552
INFO: [ app_init ] --START--
INFO: Run Behavior\BuildLiteBehavior [ RunTime:0.000199s ]
INFO: [ app_init ] --END-- [ RunTime:0.005098s ]
INFO: [ app_begin ] --START--
INFO: Run Behavior\ReadHtmlCacheBehavior [ RunTime:0.006954s ]
INFO: [ app_begin ] --END-- [ RunTime:0.007828s ]
INFO: [ app_end ] --START--
INFO: Run Behavior\ShowPageTraceBehavior [ RunTime:0.007194s ]
INFO: [ app_end ] --END-- [ RunTime:0.008071s ]

[ 2015-12-18T18:23:22+08:00 ] 220.181.38.113 /oauth/authorize?client_id=1010&response_type=code&display=page&state=1450433884&redirect_uri=http%3A%2F%2Fpassport.baidu.com%2Fphoenix%2Faccount%2Fafterauth%3Fmkey%3D22bf4acc01648285a03b9c93b460e552
INFO: [ app_init ] --START--
INFO: Run Behavior\BuildLiteBehavior [ RunTime:0.000204s ]
INFO: [ app_init ] --END-- [ RunTime:0.004904s ]
INFO: [ app_begin ] --START--
INFO: Run Behavior\ReadHtmlCacheBehavior [ RunTime:0.006934s ]
INFO: [ app_begin ] --END-- [ RunTime:0.007813s ]
INFO: [ app_end ] --START--
INFO: Run Behavior\ShowPageTraceBehavior [ RunTime:0.007234s ]
INFO: [ app_end ] --END-- [ RunTime:0.008118s ]

[ 2015-12-18T18:57:44+08:00 ] 220.181.38.113 /oauth/authorize?client_id=1010&response_type=code&display=page&state=1450436264&redirect_uri=http%3A%2F%2Fpassport.baidu.com%2Fphoenix%2Faccount%2Fafterauth%3Fmkey%3Dffaddb609f7ced838b1d70f6dd5db31b
INFO: [ app_init ] --START--
INFO: Run Behavior\BuildLiteBehavior [ RunTime:0.000199s ]
INFO: [ app_init ] --END-- [ RunTime:0.005195s ]
INFO: [ app_begin ] --START--
INFO: Run Behavior\ReadHtmlCacheBehavior [ RunTime:0.006780s ]
INFO: [ app_begin ] --END-- [ RunTime:0.007658s ]
INFO: [ app_end ] --START--
INFO: Run Behavior\ShowPageTraceBehavior [ RunTime:0.007037s ]
INFO: [ app_end ] --END-- [ RunTime:0.007928s ]

[ 2015-12-18T19:39:49+08:00 ] 220.181.38.113 /oauth/authorize?client_id=1010&response_type=code&display=page&state=1450438787&redirect_uri=http%3A%2F%2Fpassport.baidu.com%2Fphoenix%2Faccount%2Fafterauth%3Fmkey%3Dc384af4d64d47bb3308814ca29090d13
INFO: [ app_init ] --START--
INFO: Run Behavior\BuildLiteBehavior [ RunTime:0.000201s ]
INFO: [ app_init ] --END-- [ RunTime:0.005009s ]
INFO: [ app_begin ] --START--
INFO: Run Behavior\ReadHtmlCacheBehavior [ RunTime:0.007011s ]
INFO: [ app_begin ] --END-- [ RunTime:0.007880s ]
INFO: [ app_end ] --START--
INFO: Run Behavior\ShowPageTraceBehavior [ RunTime:0.007106s ]
INFO: [ app_end ] --END-- [ RunTime:0.007980s ]

[ 2015-12-18T19:40:59+08:00 ] 220.181.38.113 /oauth/authorize?client_id=1010&response_type=code&display=page&state=1450438787&redirect_uri=http%3A%2F%2Fpassport.baidu.com%2Fphoenix%2Faccount%2Fafterauth%3Fmkey%3Dc384af4d64d47bb3308814ca29090d13
INFO: [ app_init ] --START--
INFO: Run Behavior\BuildLiteBehavior [ RunTime:0.000199s ]
INFO: [ app_init ] --END-- [ RunTime:0.005021s ]
INFO: [ app_begin ] --START--
INFO: Run Behavior\ReadHtmlCacheBehavior [ RunTime:0.006685s ]
INFO: [ app_begin ] --END-- [ RunTime:0.007562s ]

[ 2015-12-18T19:41:02+08:00 ] 220.181.38.113 /oauth/authorize?client_id=1010&response_type=code&display=page&state=1450438787&redirect_uri=http%3A%2F%2Fpassport.baidu.com%2Fphoenix%2Faccount%2Fafterauth%3Fmkey%3Dc384af4d64d47bb3308814ca29090d13
INFO: [ app_init ] --START--
INFO: Run Behavior\BuildLiteBehavior [ RunTime:0.000203s ]
INFO: [ app_init ] --END-- [ RunTime:0.005238s ]
INFO: [ app_begin ] --START--
INFO: Run Behavior\ReadHtmlCacheBehavior [ RunTime:0.006634s ]
INFO: [ app_begin ] --END-- [ RunTime:0.007520s ]

[ 2015-12-18T19:41:29+08:00 ] 220.181.38.113 /oauth/authorize?client_id=1010&response_type=code&display=page&state=1450438787&redirect_uri=http%3A%2F%2Fpassport.baidu.com%2Fphoenix%2Faccount%2Fafterauth%3Fmkey%3Dc384af4d64d47bb3308814ca29090d13
INFO: [ app_init ] --START--
INFO: Run Behavior\BuildLiteBehavior [ RunTime:0.000208s ]
INFO: [ app_init ] --END-- [ RunTime:0.004975s ]
INFO: [ app_begin ] --START--
INFO: Run Behavior\ReadHtmlCacheBehavior [ RunTime:0.006913s ]
INFO: [ app_begin ] --END-- [ RunTime:0.007784s ]

[ 2015-12-18T19:42:25+08:00 ] 220.181.38.113 /oauth/authorize?client_id=1010&response_type=code&display=page&state=1450438787&redirect_uri=http%3A%2F%2Fpassport.baidu.com%2Fphoenix%2Faccount%2Fafterauth%3Fmkey%3Dc384af4d64d47bb3308814ca29090d13
INFO: [ app_init ] --START--
INFO: Run Behavior\BuildLiteBehavior [ RunTime:0.000204s ]
INFO: [ app_init ] --END-- [ RunTime:0.005200s ]
INFO: [ app_begin ] --START--
INFO: Run Behavior\ReadHtmlCacheBehavior [ RunTime:0.012772s ]
INFO: [ app_begin ] --END-- [ RunTime:0.013703s ]
INFO: [ app_end ] --START--
INFO: Run Behavior\ShowPageTraceBehavior [ RunTime:0.007257s ]
INFO: [ app_end ] --END-- [ RunTime:0.008139s ]

[ 2015-12-18T19:43:49+08:00 ] 220.181.38.113 /oauth/authorize?client_id=1010&response_type=code&display=page&state=1450438787&redirect_uri=http%3A%2F%2Fpassport.baidu.com%2Fphoenix%2Faccount%2Fafterauth%3Fmkey%3Dc384af4d64d47bb3308814ca29090d13
INFO: [ app_init ] --START--
INFO: Run Behavior\BuildLiteBehavior [ RunTime:0.000202s ]
INFO: [ app_init ] --END-- [ RunTime:0.004984s ]
INFO: [ app_begin ] --START--
INFO: Run Behavior\ReadHtmlCacheBehavior [ RunTime:0.006975s ]
INFO: [ app_begin ] --END-- [ RunTime:0.007857s ]
INFO: [ app_end ] --START--
INFO: Run Behavior\ShowPageTraceBehavior [ RunTime:0.007218s ]
INFO: [ app_end ] --END-- [ RunTime:0.008099s ]

[ 2015-12-18T19:44:05+08:00 ] 220.181.38.113 /oauth/authorize?client_id=1010&response_type=code&display=page&state=1450439045&redirect_uri=http%3A%2F%2Fpassport.baidu.com%2Fphoenix%2Faccount%2Fafterauth%3Fmkey%3D6f9e3d3e1a522df4d1e2c0c84ee650d9
INFO: [ app_init ] --START--
INFO: Run Behavior\BuildLiteBehavior [ RunTime:0.000201s ]
INFO: [ app_init ] --END-- [ RunTime:0.005111s ]
INFO: [ app_begin ] --START--
INFO: Run Behavior\ReadHtmlCacheBehavior [ RunTime:0.006784s ]
INFO: [ app_begin ] --END-- [ RunTime:0.007942s ]
INFO: [ app_end ] --START--
INFO: Run Behavior\ShowPageTraceBehavior [ RunTime:0.006917s ]
INFO: [ app_end ] --END-- [ RunTime:0.008087s ]

[ 2015-12-18T19:51:22+08:00 ] 220.181.38.113 /oauth/authorize?client_id=1010&response_type=code&display=page&state=1450439481&redirect_uri=http%3A%2F%2Fpassport.baidu.com%2Fphoenix%2Faccount%2Fafterauth%3Fmkey%3D11560f3b65aca3addbd5109702270d9b
INFO: [ app_init ] --START--
INFO: Run Behavior\BuildLiteBehavior [ RunTime:0.000201s ]
INFO: [ app_init ] --END-- [ RunTime:0.005014s ]
INFO: [ app_begin ] --START--
INFO: Run Behavior\ReadHtmlCacheBehavior [ RunTime:0.007192s ]
INFO: [ app_begin ] --END-- [ RunTime:0.008061s ]
INFO: [ app_end ] --START--
INFO: Run Behavior\ShowPageTraceBehavior [ RunTime:0.007147s ]
INFO: [ app_end ] --END-- [ RunTime:0.008024s ]

[ 2015-12-18T19:51:35+08:00 ] 220.181.38.113 /oauth/authorize?client_id=1010&response_type=code&display=page&state=1450439495&redirect_uri=http%3A%2F%2Fpassport.baidu.com%2Fphoenix%2Faccount%2Fafterauth%3Fmkey%3Df0a2f7328d763ee68049449df843399a
INFO: [ app_init ] --START--
INFO: Run Behavior\BuildLiteBehavior [ RunTime:0.000200s ]
INFO: [ app_init ] --END-- [ RunTime:0.005005s ]
INFO: [ app_begin ] --START--
INFO: Run Behavior\ReadHtmlCacheBehavior [ RunTime:0.007066s ]
INFO: [ app_begin ] --END-- [ RunTime:0.007936s ]
INFO: [ app_end ] --START--
INFO: Run Behavior\ShowPageTraceBehavior [ RunTime:0.007177s ]
INFO: [ app_end ] --END-- [ RunTime:0.008049s ]

[ 2015-12-18T19:51:57+08:00 ] 220.181.38.113 /oauth/authorize?client_id=1010&response_type=code&display=page&state=1450439517&redirect_uri=http%3A%2F%2Fpassport.baidu.com%2Fphoenix%2Faccount%2Fafterauth%3Fmkey%3Dd515ce72a37e1b4da87cca4e5c44c2b3
INFO: [ app_init ] --START--
INFO: Run Behavior\BuildLiteBehavior [ RunTime:0.000201s ]
INFO: [ app_init ] --END-- [ RunTime:0.005284s ]
INFO: [ app_begin ] --START--
INFO: Run Behavior\ReadHtmlCacheBehavior [ RunTime:0.006929s ]
INFO: [ app_begin ] --END-- [ RunTime:0.007794s ]
INFO: [ app_end ] --START--
INFO: Run Behavior\ShowPageTraceBehavior [ RunTime:0.006779s ]
INFO: [ app_end ] --END-- [ RunTime:0.007659s ]

[ 2015-12-18T19:57:16+08:00 ] 220.181.38.113 /oauth/authorize?client_id=1010&response_type=code&display=page&state=1450439836&redirect_uri=http%3A%2F%2Fpassport.baidu.com%2Fphoenix%2Faccount%2Fafterauth%3Fmkey%3D6e650202b92ccab5f03f613c5527992c
INFO: [ app_init ] --START--
INFO: Run Behavior\BuildLiteBehavior [ RunTime:0.000198s ]
INFO: [ app_init ] --END-- [ RunTime:0.005020s ]
INFO: [ app_begin ] --START--
INFO: Run Behavior\ReadHtmlCacheBehavior [ RunTime:0.007018s ]
INFO: [ app_begin ] --END-- [ RunTime:0.007884s ]
INFO: [ app_end ] --START--
INFO: Run Behavior\ShowPageTraceBehavior [ RunTime:0.007107s ]
INFO: [ app_end ] --END-- [ RunTime:0.007976s ]

[ 2015-12-18T19:59:13+08:00 ] 220.181.38.113 /oauth/authorize?client_id=1010&response_type=code&display=page&state=1450439952&redirect_uri=http%3A%2F%2Fpassport.baidu.com%2Fphoenix%2Faccount%2Fafterauth%3Fmkey%3D0738578c52a668d9055e302cb6aef73f
INFO: [ app_init ] --START--
INFO: Run Behavior\BuildLiteBehavior [ RunTime:0.000204s ]
INFO: [ app_init ] --END-- [ RunTime:0.004891s ]
INFO: [ app_begin ] --START--
INFO: Run Behavior\ReadHtmlCacheBehavior [ RunTime:0.007037s ]
INFO: [ app_begin ] --END-- [ RunTime:0.007916s ]
INFO: [ app_end ] --START--
INFO: Run Behavior\ShowPageTraceBehavior [ RunTime:0.007123s ]
INFO: [ app_end ] --END-- [ RunTime:0.008000s ]

[ 2015-12-18T20:04:12+08:00 ] 220.181.38.113 /oauth/authorize?client_id=1010&response_type=code&display=page&state=1450440251&redirect_uri=http%3A%2F%2Fpassport.baidu.com%2Fphoenix%2Faccount%2Fafterauth%3Fmkey%3Da4159bdf80b8d6726b91448acf51ac9e
INFO: [ app_init ] --START--
INFO: Run Behavior\BuildLiteBehavior [ RunTime:0.000441s ]
INFO: [ app_init ] --END-- [ RunTime:0.005245s ]
INFO: [ app_begin ] --START--
INFO: Run Behavior\ReadHtmlCacheBehavior [ RunTime:0.007031s ]
INFO: [ app_begin ] --END-- [ RunTime:0.007897s ]
INFO: [ app_end ] --START--
INFO: Run Behavior\ShowPageTraceBehavior [ RunTime:0.007046s ]
INFO: [ app_end ] --END-- [ RunTime:0.007913s ]

[ 2015-12-18T20:08:01+08:00 ] 220.181.38.113 /oauth/authorize?client_id=1010&response_type=code&display=page&state=1450440480&redirect_uri=http%3A%2F%2Fpassport.baidu.com%2Fphoenix%2Faccount%2Fafterauth%3Fmkey%3D89e3cfb056bfd223f4496a4cc0ba914f
INFO: [ app_init ] --START--
INFO: Run Behavior\BuildLiteBehavior [ RunTime:0.000207s ]
INFO: [ app_init ] --END-- [ RunTime:0.005282s ]
INFO: [ app_begin ] --START--
INFO: Run Behavior\ReadHtmlCacheBehavior [ RunTime:0.007089s ]
INFO: [ app_begin ] --END-- [ RunTime:0.007960s ]
INFO: [ app_end ] --START--
INFO: Run Behavior\ShowPageTraceBehavior [ RunTime:0.006785s ]
INFO: [ app_end ] --END-- [ RunTime:0.007660s ]

[ 2015-12-18T20:08:32+08:00 ] 220.181.38.113 /oauth/authorize?client_id=1010&response_type=code&display=page&state=1450440511&redirect_uri=http%3A%2F%2Fpassport.baidu.com%2Fphoenix%2Faccount%2Fafterauth%3Fmkey%3D93126685faa60226a697401306fafb0f
INFO: [ app_init ] --START--
INFO: Run Behavior\BuildLiteBehavior [ RunTime:0.000201s ]
INFO: [ app_init ] --END-- [ RunTime:0.005017s ]
INFO: [ app_begin ] --START--
INFO: Run Behavior\ReadHtmlCacheBehavior [ RunTime:0.007035s ]
INFO: [ app_begin ] --END-- [ RunTime:0.007901s ]
INFO: [ app_end ] --START--
INFO: Run Behavior\ShowPageTraceBehavior [ RunTime:0.007171s ]
INFO: [ app_end ] --END-- [ RunTime:0.008043s ]

[ 2015-12-18T20:09:51+08:00 ] 220.181.38.113 /oauth/authorize?client_id=1010&response_type=code&display=page&state=1450440590&redirect_uri=http%3A%2F%2Fpassport.baidu.com%2Fphoenix%2Faccount%2Fafterauth%3Fmkey%3Db15596673795fa618d6bc0a0a2b4b3ec
INFO: [ app_init ] --START--
INFO: Run Behavior\BuildLiteBehavior [ RunTime:0.000200s ]
INFO: [ app_init ] --END-- [ RunTime:0.004972s ]
INFO: [ app_begin ] --START--
INFO: Run Behavior\ReadHtmlCacheBehavior [ RunTime:0.007071s ]
INFO: [ app_begin ] --END-- [ RunTime:0.007939s ]
INFO: [ app_end ] --START--
INFO: Run Behavior\ShowPageTraceBehavior [ RunTime:0.007060s ]
INFO: [ app_end ] --END-- [ RunTime:0.007938s ]

[ 2015-12-18T20:10:42+08:00 ] 220.181.38.113 /oauth/authorize?client_id=1010&response_type=code&display=page&state=1450440641&redirect_uri=http%3A%2F%2Fpassport.baidu.com%2Fphoenix%2Faccount%2Fafterauth%3Fmkey%3Db7f29581b2916ca0412dbdb682897ce4
INFO: [ app_init ] --START--
INFO: Run Behavior\BuildLiteBehavior [ RunTime:0.000199s ]
INFO: [ app_init ] --END-- [ RunTime:0.005006s ]
INFO: [ app_begin ] --START--
INFO: Run Behavior\ReadHtmlCacheBehavior [ RunTime:0.006750s ]
INFO: [ app_begin ] --END-- [ RunTime:0.007878s ]
INFO: [ app_end ] --START--
INFO: Run Behavior\ShowPageTraceBehavior [ RunTime:0.007116s ]
INFO: [ app_end ] --END-- [ RunTime:0.007998s ]

[ 2015-12-18T20:11:32+08:00 ] 220.181.38.113 /oauth/authorize?client_id=1010&response_type=code&display=page&state=1450440692&redirect_uri=http%3A%2F%2Fpassport.baidu.com%2Fphoenix%2Faccount%2Fafterauth%3Fmkey%3D7fc563c8c10476e8511b88eb3551746c
INFO: [ app_init ] --START--
INFO: Run Behavior\BuildLiteBehavior [ RunTime:0.000197s ]
INFO: [ app_init ] --END-- [ RunTime:0.005190s ]
INFO: [ app_begin ] --START--
INFO: Run Behavior\ReadHtmlCacheBehavior [ RunTime:0.007078s ]
INFO: [ app_begin ] --END-- [ RunTime:0.007953s ]
INFO: [ app_end ] --START--
INFO: Run Behavior\ShowPageTraceBehavior [ RunTime:0.006664s ]
INFO: [ app_end ] --END-- [ RunTime:0.007556s ]

[ 2015-12-18T20:22:04+08:00 ] 220.181.38.113 /oauth/authorize?client_id=1010&response_type=code&display=page&state=1450441324&redirect_uri=http%3A%2F%2Fpassport.baidu.com%2Fphoenix%2Faccount%2Fafterauth%3Fmkey%3Ddf41ede00d68731ed5703e8f65ef1d67
INFO: [ app_init ] --START--
INFO: Run Behavior\BuildLiteBehavior [ RunTime:0.000398s ]
INFO: [ app_init ] --END-- [ RunTime:0.005503s ]
INFO: [ app_begin ] --START--
INFO: Run Behavior\ReadHtmlCacheBehavior [ RunTime:0.007137s ]
INFO: [ app_begin ] --END-- [ RunTime:0.008006s ]
INFO: [ app_end ] --START--
INFO: Run Behavior\ShowPageTraceBehavior [ RunTime:0.006785s ]
INFO: [ app_end ] --END-- [ RunTime:0.007661s ]

[ 2015-12-18T20:22:04+08:00 ] 180.149.143.26 /oauth/token?code=1234567890abcd&client_id=1010&appid=1010&client_secret=1NDGHAQSGWKRT2N7AK91VGMWMC&secret=1NDGHAQSGWKRT2N7AK91VGMWMC&grant_type=authorization_code&redirect_uri=http%3A%2F%2Fpassport.baidu.com%2Fphoenix%2Faccount%2Fafterauth%3Fmkey%3Ddf41ede00d68731ed5703e8f65ef1d67
INFO: [ app_init ] --START--
INFO: Run Behavior\BuildLiteBehavior [ RunTime:0.000203s ]
INFO: [ app_init ] --END-- [ RunTime:0.005204s ]
INFO: [ app_begin ] --START--
INFO: Run Behavior\ReadHtmlCacheBehavior [ RunTime:0.007004s ]
INFO: [ app_begin ] --END-- [ RunTime:0.007882s ]
ERR: 无法加载控制器:Token

[ 2015-12-18T20:28:16+08:00 ] 180.149.143.154 /oauth/token?code=1234567890abcd&client_id=1010&appid=1010&client_secret=1NDGHAQSGWKRT2N7AK91VGMWMC&secret=1NDGHAQSGWKRT2N7AK91VGMWMC&grant_type=authorization_code&redirect_uri=http%3A%2F%2Fpassport.baidu.com%2Fphoenix%2Faccount%2Fafterauth%3Fmkey%3Ddf41ede00d68731ed5703e8f65ef1d67
INFO: [ app_init ] --START--
INFO: Run Behavior\BuildLiteBehavior [ RunTime:0.000199s ]
INFO: [ app_init ] --END-- [ RunTime:0.004845s ]
INFO: [ app_begin ] --START--
INFO: Run Behavior\ReadHtmlCacheBehavior [ RunTime:0.006617s ]
INFO: [ app_begin ] --END-- [ RunTime:0.007778s ]
ERR: 无法加载控制器:Token

[ 2015-12-18T20:29:18+08:00 ] 180.149.143.153 /oauth/token?code=1234567890abcd&client_id=1010&appid=1010&client_secret=1NDGHAQSGWKRT2N7AK91VGMWMC&secret=1NDGHAQSGWKRT2N7AK91VGMWMC&grant_type=authorization_code&redirect_uri=http%3A%2F%2Fpassport.baidu.com%2Fphoenix%2Faccount%2Fafterauth%3Fmkey%3Ddf41ede00d68731ed5703e8f65ef1d67
INFO: [ app_init ] --START--
INFO: Run Behavior\BuildLiteBehavior [ RunTime:0.000203s ]
INFO: [ app_init ] --END-- [ RunTime:0.004857s ]
INFO: [ app_begin ] --START--
INFO: Run Behavior\ReadHtmlCacheBehavior [ RunTime:0.006672s ]
INFO: [ app_begin ] --END-- [ RunTime:0.007813s ]
ERR: 无法加载控制器:Token

[ 2015-12-18T20:30:47+08:00 ] 180.149.143.154 /oauth/token?code=1234567890abcd&client_id=1010&appid=1010&client_secret=1NDGHAQSGWKRT2N7AK91VGMWMC&secret=1NDGHAQSGWKRT2N7AK91VGMWMC&grant_type=authorization_code&redirect_uri=http%3A%2F%2Fpassport.baidu.com%2Fphoenix%2Faccount%2Fafterauth%3Fmkey%3Ddf41ede00d68731ed5703e8f65ef1d67
INFO: [ app_init ] --START--
INFO: Run Behavior\BuildLiteBehavior [ RunTime:0.000198s ]
INFO: [ app_init ] --END-- [ RunTime:0.005244s ]
INFO: [ app_begin ] --START--
INFO: Run Behavior\ReadHtmlCacheBehavior [ RunTime:0.006936s ]
INFO: [ app_begin ] --END-- [ RunTime:0.007822s ]
ERR: 无法加载控制器:Token

[ 2015-12-18T20:31:03+08:00 ] 180.149.143.26 /oauth/token?code=1234567890abcd&client_id=1010&appid=1010&client_secret=1NDGHAQSGWKRT2N7AK91VGMWMC&secret=1NDGHAQSGWKRT2N7AK91VGMWMC&grant_type=authorization_code&redirect_uri=http%3A%2F%2Fpassport.baidu.com%2Fphoenix%2Faccount%2Fafterauth%3Fmkey%3Ddf41ede00d68731ed5703e8f65ef1d67
INFO: [ app_init ] --START--
INFO: Run Behavior\BuildLiteBehavior [ RunTime:0.000202s ]
INFO: [ app_init ] --END-- [ RunTime:0.005142s ]
INFO: [ app_begin ] --START--
INFO: Run Behavior\ReadHtmlCacheBehavior [ RunTime:0.006899s ]
INFO: [ app_begin ] --END-- [ RunTime:0.007779s ]
ERR: 无法加载控制器:Token

[ 2015-12-18T20:45:29+08:00 ] 220.181.38.113 /oauth/token
INFO: [ app_init ] --START--
INFO: Run Behavior\BuildLiteBehavior [ RunTime:0.000457s ]
INFO: [ app_init ] --END-- [ RunTime:0.005124s ]
INFO: [ app_begin ] --START--
INFO: Run Behavior\ReadHtmlCacheBehavior [ RunTime:0.006986s ]
INFO: [ app_begin ] --END-- [ RunTime:0.007855s ]
INFO: [ app_end ] --START--
INFO: Run Behavior\ShowPageTraceBehavior [ RunTime:0.006881s ]
INFO: [ app_end ] --END-- [ RunTime:0.007889s ]

[ 2015-12-18T20:47:43+08:00 ] 180.149.143.27 /oauth/token?code=1234567890abcd&client_id=1010&appid=1010&client_secret=1NDGHAQSGWKRT2N7AK91VGMWMC&secret=1NDGHAQSGWKRT2N7AK91VGMWMC&grant_type=authorization_code&redirect_uri=http%3A%2F%2Fpassport.baidu.com%2Fphoenix%2Faccount%2Fafterauth%3Fmkey%3Ddf41ede00d68731ed5703e8f65ef1d67
INFO: [ app_init ] --START--
INFO: Run Behavior\BuildLiteBehavior [ RunTime:0.000203s ]
INFO: [ app_init ] --END-- [ RunTime:0.005003s ]
INFO: [ app_begin ] --START--
INFO: Run Behavior\ReadHtmlCacheBehavior [ RunTime:0.006698s ]
INFO: [ app_begin ] --END-- [ RunTime:0.007707s ]
INFO: [ app_end ] --START--
INFO: Run Behavior\ShowPageTraceBehavior [ RunTime:0.007137s ]
INFO: [ app_end ] --END-- [ RunTime:0.008020s ]

[ 2015-12-18T20:48:34+08:00 ] 180.149.143.27 /oauth/token?code=1234567890abcd&client_id=1010&appid=1010&client_secret=1NDGHAQSGWKRT2N7AK91VGMWMC&secret=1NDGHAQSGWKRT2N7AK91VGMWMC&grant_type=authorization_code&redirect_uri=http%3A%2F%2Fpassport.baidu.com%2Fphoenix%2Faccount%2Fafterauth%3Fmkey%3Ddf41ede00d68731ed5703e8f65ef1d67
INFO: [ app_init ] --START--
INFO: Run Behavior\BuildLiteBehavior [ RunTime:0.000203s ]
INFO: [ app_init ] --END-- [ RunTime:0.005087s ]
INFO: [ app_begin ] --START--
INFO: Run Behavior\ReadHtmlCacheBehavior [ RunTime:0.006605s ]
INFO: [ app_begin ] --END-- [ RunTime:0.007501s ]
INFO: [ app_end ] --START--
INFO: Run Behavior\ShowPageTraceBehavior [ RunTime:0.006994s ]
INFO: [ app_end ] --END-- [ RunTime:0.007888s ]

[ 2015-12-18T20:49:03+08:00 ] 220.181.38.113 /oauth/authorize?client_id=1010&response_type=code&display=page&state=1450442942&redirect_uri=http%3A%2F%2Fpassport.baidu.com%2Fphoenix%2Faccount%2Fafterauth%3Fmkey%3D139695a5d5913312d9dd859256b3d114
INFO: [ app_init ] --START--
INFO: Run Behavior\BuildLiteBehavior [ RunTime:0.000202s ]
INFO: [ app_init ] --END-- [ RunTime:0.004858s ]
INFO: [ app_begin ] --START--
INFO: Run Behavior\ReadHtmlCacheBehavior [ RunTime:0.007039s ]
INFO: [ app_begin ] --END-- [ RunTime:0.007910s ]
INFO: [ app_end ] --START--
INFO: Run Behavior\ShowPageTraceBehavior [ RunTime:0.007060s ]
INFO: [ app_end ] --END-- [ RunTime:0.007934s ]

[ 2015-12-18T20:49:04+08:00 ] 180.149.143.27 /oauth/token?code=1234567890abcd&client_id=1010&appid=1010&client_secret=1NDGHAQSGWKRT2N7AK91VGMWMC&secret=1NDGHAQSGWKRT2N7AK91VGMWMC&grant_type=authorization_code&redirect_uri=http%3A%2F%2Fpassport.baidu.com%2Fphoenix%2Faccount%2Fafterauth%3Fmkey%3D139695a5d5913312d9dd859256b3d114
INFO: [ app_init ] --START--
INFO: Run Behavior\BuildLiteBehavior [ RunTime:0.000201s ]
INFO: [ app_init ] --END-- [ RunTime:0.005221s ]
INFO: [ app_begin ] --START--
INFO: Run Behavior\ReadHtmlCacheBehavior [ RunTime:0.006793s ]
INFO: [ app_begin ] --END-- [ RunTime:0.007681s ]
INFO: [ app_end ] --START--
INFO: Run Behavior\ShowPageTraceBehavior [ RunTime:0.006751s ]
INFO: [ app_end ] --END-- [ RunTime:0.007711s ]

[ 2015-12-18T20:49:57+08:00 ] 180.149.143.153 /oauth/token?code=1234567890abcd&client_id=1010&appid=1010&client_secret=1NDGHAQSGWKRT2N7AK91VGMWMC&secret=1NDGHAQSGWKRT2N7AK91VGMWMC&grant_type=authorization_code&redirect_uri=http%3A%2F%2Fpassport.baidu.com%2Fphoenix%2Faccount%2Fafterauth%3Fmkey%3D139695a5d5913312d9dd859256b3d114
INFO: [ app_init ] --START--
INFO: Run Behavior\BuildLiteBehavior [ RunTime:0.000204s ]
INFO: [ app_init ] --END-- [ RunTime:0.005255s ]
INFO: [ app_begin ] --START--
INFO: Run Behavior\ReadHtmlCacheBehavior [ RunTime:0.006597s ]
INFO: [ app_begin ] --END-- [ RunTime:0.007491s ]
INFO: [ app_end ] --START--
INFO: Run Behavior\ShowPageTraceBehavior [ RunTime:0.006743s ]
INFO: [ app_end ] --END-- [ RunTime:0.007875s ]

[ 2015-12-18T20:53:11+08:00 ] 180.149.143.26 /oauth/token?code=1234567890abcd&client_id=1010&appid=1010&client_secret=1NDGHAQSGWKRT2N7AK91VGMWMC&secret=1NDGHAQSGWKRT2N7AK91VGMWMC&grant_type=authorization_code&redirect_uri=http%3A%2F%2Fpassport.baidu.com%2Fphoenix%2Faccount%2Fafterauth%3Fmkey%3D139695a5d5913312d9dd859256b3d114
INFO: [ app_init ] --START--
INFO: Run Behavior\BuildLiteBehavior [ RunTime:0.000200s ]
INFO: [ app_init ] --END-- [ RunTime:0.004992s ]
INFO: [ app_begin ] --START--
INFO: Run Behavior\ReadHtmlCacheBehavior [ RunTime:0.006574s ]
INFO: [ app_begin ] --END-- [ RunTime:0.007452s ]
INFO: [ app_end ] --START--
INFO: Run Behavior\ShowPageTraceBehavior [ RunTime:0.007066s ]
INFO: [ app_end ] --END-- [ RunTime:0.007947s ]

[ 2015-12-18T20:54:26+08:00 ] 180.149.143.153 /oauth/token?code=1234567890abcd&client_id=1010&appid=1010&client_secret=1NDGHAQSGWKRT2N7AK91VGMWMC&secret=1NDGHAQSGWKRT2N7AK91VGMWMC&grant_type=authorization_code&redirect_uri=http%3A%2F%2Fpassport.baidu.com%2Fphoenix%2Faccount%2Fafterauth%3Fmkey%3D139695a5d5913312d9dd859256b3d114
INFO: [ app_init ] --START--
INFO: Run Behavior\BuildLiteBehavior [ RunTime:0.000199s ]
INFO: [ app_init ] --END-- [ RunTime:0.005082s ]
INFO: [ app_begin ] --START--
INFO: Run Behavior\ReadHtmlCacheBehavior [ RunTime:0.006649s ]
INFO: [ app_begin ] --END-- [ RunTime:0.007538s ]
INFO: [ app_end ] --START--
INFO: Run Behavior\ShowPageTraceBehavior [ RunTime:0.006951s ]
INFO: [ app_end ] --END-- [ RunTime:0.007833s ]

[ 2015-12-18T20:56:07+08:00 ] 220.181.38.113 /oauth/authorize?client_id=1010&response_type=code&display=page&state=1450433884&redirect_uri=http%3A%2F%2Fpassport.baidu.com%2Fphoenix%2Faccount%2Fafterauth%3Fmkey%3D22bf4acc01648285a03b9c93b460e552
INFO: [ app_init ] --START--
INFO: Run Behavior\BuildLiteBehavior [ RunTime:0.000205s ]
INFO: [ app_init ] --END-- [ RunTime:0.005274s ]
INFO: [ app_begin ] --START--
INFO: Run Behavior\ReadHtmlCacheBehavior [ RunTime:0.006886s ]
INFO: [ app_begin ] --END-- [ RunTime:0.007830s ]
INFO: [ app_end ] --START--
INFO: Run Behavior\ShowPageTraceBehavior [ RunTime:0.006821s ]
INFO: [ app_end ] --END-- [ RunTime:0.007701s ]

[ 2015-12-18T21:03:30+08:00 ] 220.181.38.113 /oauth/authorize?client_id=1010&response_type=code&display=page&state=1450443810&redirect_uri=http%3A%2F%2Fpassport.baidu.com%2Fphoenix%2Faccount%2Fafterauth%3Fmkey%3Dc5c7deb93d2653fe6a055ea932bcb272
INFO: [ app_init ] --START--
INFO: Run Behavior\BuildLiteBehavior [ RunTime:0.000203s ]
INFO: [ app_init ] --END-- [ RunTime:0.005339s ]
INFO: [ app_begin ] --START--
INFO: Run Behavior\ReadHtmlCacheBehavior [ RunTime:0.006983s ]
INFO: [ app_begin ] --END-- [ RunTime:0.007862s ]
INFO: [ app_end ] --START--
INFO: Run Behavior\ShowPageTraceBehavior [ RunTime:0.006790s ]
INFO: [ app_end ] --END-- [ RunTime:0.007668s ]

[ 2015-12-18T21:03:31+08:00 ] 180.149.143.27 /oauth/token?code=1234567890abcd&client_id=1010&appid=1010&client_secret=1NDGHAQSGWKRT2N7AK91VGMWMC&secret=1NDGHAQSGWKRT2N7AK91VGMWMC&grant_type=authorization_code&redirect_uri=http%3A%2F%2Fpassport.baidu.com%2Fphoenix%2Faccount%2Fafterauth%3Fmkey%3Dc5c7deb93d2653fe6a055ea932bcb272
INFO: [ app_init ] --START--
INFO: Run Behavior\BuildLiteBehavior [ RunTime:0.000197s ]
INFO: [ app_init ] --END-- [ RunTime:0.005123s ]
INFO: [ app_begin ] --START--
INFO: Run Behavior\ReadHtmlCacheBehavior [ RunTime:0.007138s ]
INFO: [ app_begin ] --END-- [ RunTime:0.008006s ]
INFO: [ app_end ] --START--
INFO: Run Behavior\ShowPageTraceBehavior [ RunTime:0.006818s ]
INFO: [ app_end ] --END-- [ RunTime:0.007720s ]

[ 2015-12-18T21:03:52+08:00 ] 180.149.143.26 /oauth/token?code=1234567890abcd&client_id=1010&appid=1010&client_secret=1NDGHAQSGWKRT2N7AK91VGMWMC&secret=1NDGHAQSGWKRT2N7AK91VGMWMC&grant_type=authorization_code&redirect_uri=http%3A%2F%2Fpassport.baidu.com%2Fphoenix%2Faccount%2Fafterauth%3Fmkey%3Dc5c7deb93d2653fe6a055ea932bcb272
INFO: [ app_init ] --START--
INFO: Run Behavior\BuildLiteBehavior [ RunTime:0.000202s ]
INFO: [ app_init ] --END-- [ RunTime:0.005316s ]
INFO: [ app_begin ] --START--
INFO: Run Behavior\ReadHtmlCacheBehavior [ RunTime:0.006908s ]
INFO: [ app_begin ] --END-- [ RunTime:0.007897s ]
INFO: [ app_end ] --START--
INFO: Run Behavior\ShowPageTraceBehavior [ RunTime:0.006808s ]
INFO: [ app_end ] --END-- [ RunTime:0.007689s ]

[ 2015-12-18T21:06:37+08:00 ] 180.149.143.27 /oauth/token?code=1234567890abcd&client_id=1010&appid=1010&client_secret=1NDGHAQSGWKRT2N7AK91VGMWMC&secret=1NDGHAQSGWKRT2N7AK91VGMWMC&grant_type=authorization_code&redirect_uri=http%3A%2F%2Fpassport.baidu.com%2Fphoenix%2Faccount%2Fafterauth%3Fmkey%3Dc5c7deb93d2653fe6a055ea932bcb272
INFO: [ app_init ] --START--
INFO: Run Behavior\BuildLiteBehavior [ RunTime:0.000500s ]
INFO: [ app_init ] --END-- [ RunTime:0.005243s ]
INFO: [ app_begin ] --START--
INFO: Run Behavior\ReadHtmlCacheBehavior [ RunTime:0.007044s ]
INFO: [ app_begin ] --END-- [ RunTime:0.007986s ]
INFO: [ app_end ] --START--
INFO: Run Behavior\ShowPageTraceBehavior [ RunTime:0.008462s ]
INFO: [ app_end ] --END-- [ RunTime:0.009348s ]

