[ 2015-12-05T09:50:54+08:00 ] 66.249.66.91 /
INFO: [ app_init ] --START--
INFO: Run Behavior\BuildLiteBehavior [ RunTime:0.000202s ]
INFO: [ app_init ] --END-- [ RunTime:0.005235s ]
INFO: [ app_begin ] --START--
INFO: Run Behavior\ReadHtmlCacheBehavior [ RunTime:0.007132s ]
INFO: [ app_begin ] --END-- [ RunTime:0.008028s ]
INFO: [ view_parse ] --START--
INFO: Run Behavior\ParseTemplateBehavior [ RunTime:0.001881s ]
INFO: [ view_parse ] --END-- [ RunTime:0.003218s ]
INFO: [ view_filter ] --START--
INFO: Run Behavior\WriteHtmlCacheBehavior [ RunTime:0.001854s ]
INFO: [ view_filter ] --END-- [ RunTime:0.002691s ]
INFO: [ app_end ] --START--
INFO: Run Behavior\ShowPageTraceBehavior [ RunTime:0.006735s ]
INFO: [ app_end ] --END-- [ RunTime:0.007618s ]

[ 2015-12-05T12:05:17+08:00 ] 216.218.206.66 /
INFO: [ app_init ] --START--
INFO: Run Behavior\BuildLiteBehavior [ RunTime:0.000201s ]
INFO: [ app_init ] --END-- [ RunTime:0.005187s ]
INFO: [ app_begin ] --START--
INFO: Run Behavior\ReadHtmlCacheBehavior [ RunTime:0.006985s ]
INFO: [ app_begin ] --END-- [ RunTime:0.007876s ]
INFO: [ view_parse ] --START--
INFO: Run Behavior\ParseTemplateBehavior [ RunTime:0.001851s ]
INFO: [ view_parse ] --END-- [ RunTime:0.002853s ]
INFO: [ view_filter ] --START--
INFO: Run Behavior\WriteHtmlCacheBehavior [ RunTime:0.001862s ]
INFO: [ view_filter ] --END-- [ RunTime:0.002934s ]
INFO: [ app_end ] --START--
INFO: Run Behavior\ShowPageTraceBehavior [ RunTime:0.006741s ]
INFO: [ app_end ] --END-- [ RunTime:0.007577s ]

[ 2015-12-05T18:27:30+08:00 ] 110.172.208.211 /
INFO: [ app_init ] --START--
INFO: Run Behavior\BuildLiteBehavior [ RunTime:0.000204s ]
INFO: [ app_init ] --END-- [ RunTime:0.004978s ]
INFO: [ app_begin ] --START--
INFO: Run Behavior\ReadHtmlCacheBehavior [ RunTime:0.007002s ]
INFO: [ app_begin ] --END-- [ RunTime:0.008024s ]
INFO: [ view_parse ] --START--
INFO: Run Behavior\ParseTemplateBehavior [ RunTime:0.001926s ]
INFO: [ view_parse ] --END-- [ RunTime:0.003710s ]
INFO: [ view_filter ] --START--
INFO: Run Behavior\WriteHtmlCacheBehavior [ RunTime:0.002246s ]
INFO: [ view_filter ] --END-- [ RunTime:0.003103s ]
INFO: [ app_end ] --START--
INFO: Run Behavior\ShowPageTraceBehavior [ RunTime:0.007091s ]
INFO: [ app_end ] --END-- [ RunTime:0.007951s ]

[ 2015-12-05T21:49:34+08:00 ] 40.83.181.254 /
INFO: [ app_init ] --START--
INFO: Run Behavior\BuildLiteBehavior [ RunTime:0.000452s ]
INFO: [ app_init ] --END-- [ RunTime:0.005067s ]
INFO: [ app_begin ] --START--
INFO: Run Behavior\ReadHtmlCacheBehavior [ RunTime:0.007234s ]
INFO: [ app_begin ] --END-- [ RunTime:0.008127s ]
INFO: [ view_parse ] --START--
INFO: Run Behavior\ParseTemplateBehavior [ RunTime:0.001833s ]
INFO: [ view_parse ] --END-- [ RunTime:0.002981s ]
INFO: [ view_filter ] --START--
INFO: Run Behavior\WriteHtmlCacheBehavior [ RunTime:0.001844s ]
INFO: [ view_filter ] --END-- [ RunTime:0.002663s ]
INFO: [ app_end ] --START--
INFO: Run Behavior\ShowPageTraceBehavior [ RunTime:0.007043s ]
INFO: [ app_end ] --END-- [ RunTime:0.007882s ]

