[ 2015-12-09T01:06:06+08:00 ] 89.163.148.58 /
INFO: [ app_init ] --START--
INFO: Run Behavior\BuildLiteBehavior [ RunTime:0.000198s ]
INFO: [ app_init ] --END-- [ RunTime:0.004924s ]
INFO: [ app_begin ] --START--
INFO: Run Behavior\ReadHtmlCacheBehavior [ RunTime:0.007133s ]
INFO: [ app_begin ] --END-- [ RunTime:0.008012s ]
INFO: [ view_parse ] --START--
INFO: Run Behavior\ParseTemplateBehavior [ RunTime:0.001846s ]
INFO: [ view_parse ] --END-- [ RunTime:0.002976s ]
INFO: [ view_filter ] --START--
INFO: Run Behavior\WriteHtmlCacheBehavior [ RunTime:0.001930s ]
INFO: [ view_filter ] --END-- [ RunTime:0.002818s ]
INFO: [ app_end ] --START--
INFO: Run Behavior\ShowPageTraceBehavior [ RunTime:0.007057s ]
INFO: [ app_end ] --END-- [ RunTime:0.007899s ]

[ 2015-12-09T11:28:52+08:00 ] 172.245.58.72 /
INFO: [ app_init ] --START--
INFO: Run Behavior\BuildLiteBehavior [ RunTime:0.000203s ]
INFO: [ app_init ] --END-- [ RunTime:0.005255s ]
INFO: [ app_begin ] --START--
INFO: Run Behavior\ReadHtmlCacheBehavior [ RunTime:0.006974s ]
INFO: [ app_begin ] --END-- [ RunTime:0.007841s ]
INFO: [ view_parse ] --START--
INFO: Run Behavior\ParseTemplateBehavior [ RunTime:0.001814s ]
INFO: [ view_parse ] --END-- [ RunTime:0.002679s ]
INFO: [ view_filter ] --START--
INFO: Run Behavior\WriteHtmlCacheBehavior [ RunTime:0.001944s ]
INFO: [ view_filter ] --END-- [ RunTime:0.002752s ]
INFO: [ app_end ] --START--
INFO: Run Behavior\ShowPageTraceBehavior [ RunTime:0.006955s ]
INFO: [ app_end ] --END-- [ RunTime:0.007794s ]

[ 2015-12-09T17:02:27+08:00 ] 110.172.208.211 /
INFO: [ app_init ] --START--
INFO: Run Behavior\BuildLiteBehavior [ RunTime:0.000216s ]
INFO: [ app_init ] --END-- [ RunTime:0.005338s ]
INFO: [ app_begin ] --START--
INFO: Run Behavior\ReadHtmlCacheBehavior [ RunTime:0.006821s ]
INFO: [ app_begin ] --END-- [ RunTime:0.007937s ]
INFO: [ view_parse ] --START--
INFO: Run Behavior\ParseTemplateBehavior [ RunTime:0.001841s ]
INFO: [ view_parse ] --END-- [ RunTime:0.002719s ]
INFO: [ view_filter ] --START--
INFO: Run Behavior\WriteHtmlCacheBehavior [ RunTime:0.001985s ]
INFO: [ view_filter ] --END-- [ RunTime:0.002807s ]
INFO: [ app_end ] --START--
INFO: Run Behavior\ShowPageTraceBehavior [ RunTime:0.006771s ]
INFO: [ app_end ] --END-- [ RunTime:0.007908s ]

[ 2015-12-09T20:10:54+08:00 ] 184.105.139.68 /
INFO: [ app_init ] --START--
INFO: Run Behavior\BuildLiteBehavior [ RunTime:0.000201s ]
INFO: [ app_init ] --END-- [ RunTime:0.004902s ]
INFO: [ app_begin ] --START--
INFO: Run Behavior\ReadHtmlCacheBehavior [ RunTime:0.006935s ]
INFO: [ app_begin ] --END-- [ RunTime:0.007809s ]
INFO: [ view_parse ] --START--
INFO: Run Behavior\ParseTemplateBehavior [ RunTime:0.001814s ]
INFO: [ view_parse ] --END-- [ RunTime:0.002684s ]
INFO: [ view_filter ] --START--
INFO: Run Behavior\WriteHtmlCacheBehavior [ RunTime:0.001962s ]
INFO: [ view_filter ] --END-- [ RunTime:0.003049s ]
INFO: [ app_end ] --START--
INFO: Run Behavior\ShowPageTraceBehavior [ RunTime:0.006718s ]
INFO: [ app_end ] --END-- [ RunTime:0.007554s ]

