[ 2015-12-07T15:00:26+08:00 ] 110.172.208.211 /
INFO: [ app_init ] --START--
INFO: Run Behavior\BuildLiteBehavior [ RunTime:0.000200s ]
INFO: [ app_init ] --END-- [ RunTime:0.004966s ]
INFO: [ app_begin ] --START--
INFO: Run Behavior\ReadHtmlCacheBehavior [ RunTime:0.007068s ]
INFO: [ app_begin ] --END-- [ RunTime:0.007944s ]
INFO: [ view_parse ] --START--
INFO: Run Behavior\ParseTemplateBehavior [ RunTime:0.001965s ]
INFO: [ view_parse ] --END-- [ RunTime:0.002856s ]
INFO: [ view_filter ] --START--
INFO: Run Behavior\WriteHtmlCacheBehavior [ RunTime:0.002114s ]
INFO: [ view_filter ] --END-- [ RunTime:0.002956s ]
INFO: [ app_end ] --START--
INFO: Run Behavior\ShowPageTraceBehavior [ RunTime:0.007030s ]
INFO: [ app_end ] --END-- [ RunTime:0.007884s ]

[ 2015-12-07T15:00:33+08:00 ] 110.172.208.211 /
INFO: [ app_init ] --START--
INFO: Run Behavior\BuildLiteBehavior [ RunTime:0.000201s ]
INFO: [ app_init ] --END-- [ RunTime:0.004841s ]
INFO: [ app_begin ] --START--
INFO: Run Behavior\ReadHtmlCacheBehavior [ RunTime:0.007152s ]
INFO: [ app_begin ] --END-- [ RunTime:0.008039s ]
INFO: [ view_parse ] --START--
INFO: Run Behavior\ParseTemplateBehavior [ RunTime:0.002119s ]
INFO: [ view_parse ] --END-- [ RunTime:0.003012s ]
INFO: [ view_filter ] --START--
INFO: Run Behavior\WriteHtmlCacheBehavior [ RunTime:0.001856s ]
INFO: [ view_filter ] --END-- [ RunTime:0.002697s ]
INFO: [ app_end ] --START--
INFO: Run Behavior\ShowPageTraceBehavior [ RunTime:0.007018s ]
INFO: [ app_end ] --END-- [ RunTime:0.008003s ]

[ 2015-12-07T15:00:39+08:00 ] 110.172.208.211 /
INFO: [ app_init ] --START--
INFO: Run Behavior\BuildLiteBehavior [ RunTime:0.000204s ]
INFO: [ app_init ] --END-- [ RunTime:0.005049s ]
INFO: [ app_begin ] --START--
INFO: Run Behavior\ReadHtmlCacheBehavior [ RunTime:0.006838s ]
INFO: [ app_begin ] --END-- [ RunTime:0.007740s ]
INFO: [ view_parse ] --START--
INFO: Run Behavior\ParseTemplateBehavior [ RunTime:0.001755s ]
INFO: [ view_parse ] --END-- [ RunTime:0.002647s ]
INFO: [ view_filter ] --START--
INFO: Run Behavior\WriteHtmlCacheBehavior [ RunTime:0.001816s ]
INFO: [ view_filter ] --END-- [ RunTime:0.002651s ]
INFO: [ app_end ] --START--
INFO: Run Behavior\ShowPageTraceBehavior [ RunTime:0.006690s ]
INFO: [ app_end ] --END-- [ RunTime:0.007811s ]

[ 2015-12-07T22:44:42+08:00 ] 184.105.247.195 /
INFO: [ app_init ] --START--
INFO: Run Behavior\BuildLiteBehavior [ RunTime:0.000199s ]
INFO: [ app_init ] --END-- [ RunTime:0.004965s ]
INFO: [ app_begin ] --START--
INFO: Run Behavior\ReadHtmlCacheBehavior [ RunTime:0.006983s ]
INFO: [ app_begin ] --END-- [ RunTime:0.007853s ]
INFO: [ view_parse ] --START--
INFO: Run Behavior\ParseTemplateBehavior [ RunTime:0.001831s ]
INFO: [ view_parse ] --END-- [ RunTime:0.002694s ]
INFO: [ view_filter ] --START--
INFO: Run Behavior\WriteHtmlCacheBehavior [ RunTime:0.001980s ]
INFO: [ view_filter ] --END-- [ RunTime:0.003109s ]
INFO: [ app_end ] --START--
INFO: Run Behavior\ShowPageTraceBehavior [ RunTime:0.006722s ]
INFO: [ app_end ] --END-- [ RunTime:0.007556s ]

