[ 2015-11-17T00:11:21+08:00 ] 66.249.65.53 /
INFO: [ app_init ] --START--
INFO: Run Behavior\BuildLiteBehavior [ RunTime:0.000203s ]
INFO: [ app_init ] --END-- [ RunTime:0.005158s ]
INFO: [ app_begin ] --START--
INFO: Run Behavior\ReadHtmlCacheBehavior [ RunTime:0.007171s ]
INFO: [ app_begin ] --END-- [ RunTime:0.008169s ]
INFO: [ view_parse ] --START--
INFO: Run Behavior\ParseTemplateBehavior [ RunTime:0.001884s ]
INFO: [ view_parse ] --END-- [ RunTime:0.003245s ]
INFO: [ view_filter ] --START--
INFO: Run Behavior\WriteHtmlCacheBehavior [ RunTime:0.001906s ]
INFO: [ view_filter ] --END-- [ RunTime:0.002743s ]
INFO: [ app_end ] --START--
INFO: Run Behavior\ShowPageTraceBehavior [ RunTime:0.007130s ]
INFO: [ app_end ] --END-- [ RunTime:0.008031s ]

[ 2015-11-17T18:06:20+08:00 ] 184.105.247.195 /
INFO: [ app_init ] --START--
INFO: Run Behavior\BuildLiteBehavior [ RunTime:0.000255s ]
INFO: [ app_init ] --END-- [ RunTime:0.005373s ]
INFO: [ app_begin ] --START--
INFO: Run Behavior\ReadHtmlCacheBehavior [ RunTime:0.007218s ]
INFO: [ app_begin ] --END-- [ RunTime:0.008148s ]
INFO: [ view_parse ] --START--
INFO: Run Behavior\ParseTemplateBehavior [ RunTime:0.002158s ]
INFO: [ view_parse ] --END-- [ RunTime:0.003092s ]
INFO: [ view_filter ] --START--
INFO: Run Behavior\WriteHtmlCacheBehavior [ RunTime:0.001901s ]
INFO: [ view_filter ] --END-- [ RunTime:0.002736s ]
INFO: [ app_end ] --START--
INFO: Run Behavior\ShowPageTraceBehavior [ RunTime:0.007222s ]
INFO: [ app_end ] --END-- [ RunTime:0.008067s ]

