[ 2016-01-05T14:51:50+08:00 ] 64.19.78.242 /
INFO: [ app_init ] --START--
INFO: Run Behavior\BuildLiteBehavior [ RunTime:0.000201s ]
INFO: [ app_init ] --END-- [ RunTime:0.005442s ]
INFO: [ app_begin ] --START--
INFO: Run Behavior\ReadHtmlCacheBehavior [ RunTime:0.007031s ]
INFO: [ app_begin ] --END-- [ RunTime:0.007958s ]
INFO: [ view_parse ] --START--
INFO: Run Behavior\ParseTemplateBehavior [ RunTime:0.001935s ]
INFO: [ view_parse ] --END-- [ RunTime:0.002840s ]
INFO: [ view_filter ] --START--
INFO: Run Behavior\WriteHtmlCacheBehavior [ RunTime:0.001838s ]
INFO: [ view_filter ] --END-- [ RunTime:0.002668s ]
INFO: [ app_end ] --START--
INFO: Run Behavior\ShowPageTraceBehavior [ RunTime:0.006936s ]
INFO: [ app_end ] --END-- [ RunTime:0.007809s ]

[ 2016-01-05T15:31:09+08:00 ] 184.105.139.68 /
INFO: [ app_init ] --START--
INFO: Run Behavior\BuildLiteBehavior [ RunTime:0.000206s ]
INFO: [ app_init ] --END-- [ RunTime:0.004783s ]
INFO: [ app_begin ] --START--
INFO: Run Behavior\ReadHtmlCacheBehavior [ RunTime:0.007332s ]
INFO: [ app_begin ] --END-- [ RunTime:0.008206s ]
INFO: [ view_parse ] --START--
INFO: Run Behavior\ParseTemplateBehavior [ RunTime:0.001829s ]
INFO: [ view_parse ] --END-- [ RunTime:0.003019s ]
INFO: [ view_filter ] --START--
INFO: Run Behavior\WriteHtmlCacheBehavior [ RunTime:0.001866s ]
INFO: [ view_filter ] --END-- [ RunTime:0.002680s ]
INFO: [ app_end ] --START--
INFO: Run Behavior\ShowPageTraceBehavior [ RunTime:0.006877s ]
INFO: [ app_end ] --END-- [ RunTime:0.007716s ]

[ 2016-01-05T22:31:25+08:00 ] 185.106.92.33 /
INFO: [ app_init ] --START--
INFO: Run Behavior\BuildLiteBehavior [ RunTime:0.000201s ]
INFO: [ app_init ] --END-- [ RunTime:0.005249s ]
INFO: [ app_begin ] --START--
INFO: Run Behavior\ReadHtmlCacheBehavior [ RunTime:0.007085s ]
INFO: [ app_begin ] --END-- [ RunTime:0.007979s ]
INFO: [ view_parse ] --START--
INFO: Run Behavior\ParseTemplateBehavior [ RunTime:0.001821s ]
INFO: [ view_parse ] --END-- [ RunTime:0.002695s ]
INFO: [ view_filter ] --START--
INFO: Run Behavior\WriteHtmlCacheBehavior [ RunTime:0.001977s ]
INFO: [ view_filter ] --END-- [ RunTime:0.002798s ]
INFO: [ app_end ] --START--
INFO: Run Behavior\ShowPageTraceBehavior [ RunTime:0.007022s ]
INFO: [ app_end ] --END-- [ RunTime:0.007873s ]

