[ 2015-12-31T02:20:11+08:00 ] 207.46.13.137 /robots.txt
INFO: [ app_init ] --START--
INFO: Run Behavior\BuildLiteBehavior [ RunTime:0.000205s ]
INFO: [ app_init ] --END-- [ RunTime:0.005411s ]
ERR: 无法加载模块:Robots

[ 2015-12-31T05:24:56+08:00 ] 207.46.13.137 /robots.txt
INFO: [ app_init ] --START--
INFO: Run Behavior\BuildLiteBehavior [ RunTime:0.000205s ]
INFO: [ app_init ] --END-- [ RunTime:0.004960s ]
ERR: 无法加载模块:Robots

[ 2015-12-31T05:35:22+08:00 ] 66.249.66.95 /robots.txt
INFO: [ app_init ] --START--
INFO: Run Behavior\BuildLiteBehavior [ RunTime:0.000201s ]
INFO: [ app_init ] --END-- [ RunTime:0.005435s ]
ERR: 无法加载模块:Robots

[ 2015-12-31T08:05:35+08:00 ] 207.46.13.137 /robots.txt
INFO: [ app_init ] --START--
INFO: Run Behavior\BuildLiteBehavior [ RunTime:0.000203s ]
INFO: [ app_init ] --END-- [ RunTime:0.004950s ]
ERR: 无法加载模块:Robots

[ 2015-12-31T20:41:05+08:00 ] 180.76.15.6 /robots.txt
INFO: [ app_init ] --START--
INFO: Run Behavior\BuildLiteBehavior [ RunTime:0.000199s ]
INFO: [ app_init ] --END-- [ RunTime:0.005171s ]
ERR: 无法加载模块:Robots

