[ 2015-12-16T00:03:57+08:00 ] 207.46.13.67 /robots.txt
INFO: [ app_init ] --START--
INFO: Run Behavior\BuildLiteBehavior [ RunTime:0.000203s ]
INFO: [ app_init ] --END-- [ RunTime:0.004954s ]
ERR: 无法加载模块:Robots

[ 2015-12-16T05:26:55+08:00 ] 207.46.13.67 /robots.txt
INFO: [ app_init ] --START--
INFO: Run Behavior\BuildLiteBehavior [ RunTime:0.000203s ]
INFO: [ app_init ] --END-- [ RunTime:0.005296s ]
ERR: 无法加载模块:Robots

[ 2015-12-16T05:47:55+08:00 ] 158.69.209.141 /robots.txt
INFO: [ app_init ] --START--
INFO: Run Behavior\BuildLiteBehavior [ RunTime:0.000205s ]
INFO: [ app_init ] --END-- [ RunTime:0.004814s ]
ERR: 无法加载模块:Robots

[ 2015-12-16T05:47:59+08:00 ] 158.69.209.141 /robots.txt
INFO: [ app_init ] --START--
INFO: Run Behavior\BuildLiteBehavior [ RunTime:0.000202s ]
INFO: [ app_init ] --END-- [ RunTime:0.005238s ]
ERR: 无法加载模块:Robots

[ 2015-12-16T05:57:00+08:00 ] 123.150.255.195 /login.do
INFO: [ app_init ] --START--
INFO: Run Behavior\BuildLiteBehavior [ RunTime:0.000206s ]
INFO: [ app_init ] --END-- [ RunTime:0.005216s ]
ERR: 无法加载模块:Login

[ 2015-12-16T09:50:50+08:00 ] 203.208.60.16 /robots.txt
INFO: [ app_init ] --START--
INFO: Run Behavior\BuildLiteBehavior [ RunTime:0.000247s ]
INFO: [ app_init ] --END-- [ RunTime:0.005205s ]
ERR: 无法加载模块:Robots

[ 2015-12-16T12:28:42+08:00 ] 61.148.242.82 /favicon.ico
INFO: [ app_init ] --START--
INFO: Run Behavior\BuildLiteBehavior [ RunTime:0.000200s ]
INFO: [ app_init ] --END-- [ RunTime:0.005189s ]
ERR: 无法加载模块:Favicon

[ 2015-12-16T13:33:27+08:00 ] 207.46.13.67 /robots.txt
INFO: [ app_init ] --START--
INFO: Run Behavior\BuildLiteBehavior [ RunTime:0.000205s ]
INFO: [ app_init ] --END-- [ RunTime:0.005131s ]
ERR: 无法加载模块:Robots

[ 2015-12-16T13:59:21+08:00 ] 60.214.152.78 /jeecms.do
INFO: [ app_init ] --START--
INFO: Run Behavior\BuildLiteBehavior [ RunTime:0.000201s ]
INFO: [ app_init ] --END-- [ RunTime:0.004943s ]
ERR: 无法加载模块:Jeecms

[ 2015-12-16T17:38:24+08:00 ] 203.208.60.15 /robots.txt
INFO: [ app_init ] --START--
INFO: Run Behavior\BuildLiteBehavior [ RunTime:0.000199s ]
INFO: [ app_init ] --END-- [ RunTime:0.005206s ]
ERR: 无法加载模块:Robots

[ 2015-12-16T20:11:28+08:00 ] 59.46.66.34 /login!check.do
INFO: [ app_init ] --START--
INFO: Run Behavior\BuildLiteBehavior [ RunTime:0.000200s ]
INFO: [ app_init ] --END-- [ RunTime:0.005215s ]
ERR: 无法加载模块:Login!check

[ 2015-12-16T22:22:27+08:00 ] 207.46.13.67 /robots.txt
INFO: [ app_init ] --START--
INFO: Run Behavior\BuildLiteBehavior [ RunTime:0.000205s ]
INFO: [ app_init ] --END-- [ RunTime:0.004957s ]
ERR: 无法加载模块:Robots

