[ 2015-12-03T05:01:38+08:00 ] 66.249.66.97 /robots.txt
INFO: [ app_init ] --START--
INFO: Run Behavior\BuildLiteBehavior [ RunTime:0.000201s ]
INFO: [ app_init ] --END-- [ RunTime:0.005140s ]
ERR: 无法加载模块:Robots

[ 2015-12-03T05:22:50+08:00 ] 180.76.15.32 /robots.txt
INFO: [ app_init ] --START--
INFO: Run Behavior\BuildLiteBehavior [ RunTime:0.000201s ]
INFO: [ app_init ] --END-- [ RunTime:0.004824s ]
ERR: 无法加载模块:Robots

[ 2015-12-03T05:56:38+08:00 ] 207.46.13.80 /robots.txt
INFO: [ app_init ] --START--
INFO: Run Behavior\BuildLiteBehavior [ RunTime:0.000203s ]
INFO: [ app_init ] --END-- [ RunTime:0.005299s ]
ERR: 无法加载模块:Robots

[ 2015-12-03T10:33:47+08:00 ] 66.249.85.220 /favicon.ico
INFO: [ app_init ] --START--
INFO: Run Behavior\BuildLiteBehavior [ RunTime:0.000200s ]
INFO: [ app_init ] --END-- [ RunTime:0.004881s ]
ERR: 无法加载模块:Favicon

[ 2015-12-03T11:49:30+08:00 ] 207.46.13.67 /robots.txt
INFO: [ app_init ] --START--
INFO: Run Behavior\BuildLiteBehavior [ RunTime:0.000201s ]
INFO: [ app_init ] --END-- [ RunTime:0.005209s ]
ERR: 无法加载模块:Robots

[ 2015-12-03T12:00:27+08:00 ] 113.162.212.226 /default.php
INFO: [ app_init ] --START--
INFO: Run Behavior\BuildLiteBehavior [ RunTime:0.000203s ]
INFO: [ app_init ] --END-- [ RunTime:0.005219s ]
ERR: 无法加载模块:Default

[ 2015-12-03T14:46:41+08:00 ] 207.46.13.174 /robots.txt
INFO: [ app_init ] --START--
INFO: Run Behavior\BuildLiteBehavior [ RunTime:0.000202s ]
INFO: [ app_init ] --END-- [ RunTime:0.004973s ]
ERR: 无法加载模块:Robots

[ 2015-12-03T14:46:49+08:00 ] 207.46.13.174 /src/
INFO: [ app_init ] --START--
INFO: Run Behavior\BuildLiteBehavior [ RunTime:0.000202s ]
INFO: [ app_init ] --END-- [ RunTime:0.005102s ]
ERR: 无法加载模块:Src

[ 2015-12-03T14:51:45+08:00 ] 207.46.13.174 /src/
INFO: [ app_init ] --START--
INFO: Run Behavior\BuildLiteBehavior [ RunTime:0.000203s ]
INFO: [ app_init ] --END-- [ RunTime:0.005179s ]
ERR: 无法加载模块:Src

[ 2015-12-03T15:06:48+08:00 ] 207.46.13.174 /src/
INFO: [ app_init ] --START--
INFO: Run Behavior\BuildLiteBehavior [ RunTime:0.000202s ]
INFO: [ app_init ] --END-- [ RunTime:0.004843s ]
ERR: 无法加载模块:Src

[ 2015-12-03T15:22:10+08:00 ] 207.46.13.174 /src/
INFO: [ app_init ] --START--
INFO: Run Behavior\BuildLiteBehavior [ RunTime:0.000203s ]
INFO: [ app_init ] --END-- [ RunTime:0.004832s ]
ERR: 无法加载模块:Src

[ 2015-12-03T15:37:54+08:00 ] 207.46.13.174 /src/
INFO: [ app_init ] --START--
INFO: Run Behavior\BuildLiteBehavior [ RunTime:0.000207s ]
INFO: [ app_init ] --END-- [ RunTime:0.005266s ]
ERR: 无法加载模块:Src

[ 2015-12-03T16:08:17+08:00 ] 220.181.38.119 /favicon.ico
INFO: [ app_init ] --START--
INFO: Run Behavior\BuildLiteBehavior [ RunTime:0.000201s ]
INFO: [ app_init ] --END-- [ RunTime:0.004830s ]
ERR: 无法加载模块:Favicon

[ 2015-12-03T16:10:10+08:00 ] 220.181.38.113 /favicon.ico
INFO: [ app_init ] --START--
INFO: Run Behavior\BuildLiteBehavior [ RunTime:0.000202s ]
INFO: [ app_init ] --END-- [ RunTime:0.005246s ]
ERR: 无法加载模块:Favicon

[ 2015-12-03T16:50:51+08:00 ] 66.249.64.198 /robots.txt
INFO: [ app_init ] --START--
INFO: Run Behavior\BuildLiteBehavior [ RunTime:0.000208s ]
INFO: [ app_init ] --END-- [ RunTime:0.004938s ]
ERR: 无法加载模块:Robots

[ 2015-12-03T20:16:58+08:00 ] 66.249.66.97 /js/jquery.vide.js
INFO: [ app_init ] --START--
INFO: Run Behavior\BuildLiteBehavior [ RunTime:0.000201s ]
INFO: [ app_init ] --END-- [ RunTime:0.005246s ]
ERR: 无法加载模块:Js

[ 2015-12-03T20:17:02+08:00 ] 66.249.66.91 /css/main.css
INFO: [ app_init ] --START--
INFO: Run Behavior\BuildLiteBehavior [ RunTime:0.000411s ]
INFO: [ app_init ] --END-- [ RunTime:0.005172s ]
ERR: 无法加载模块:Css

