[ 2015-12-10T01:50:31+08:00 ] 61.186.245.211 /index.login.action
INFO: [ app_init ] --START--
INFO: Run Behavior\BuildLiteBehavior [ RunTime:0.000205s ]
INFO: [ app_init ] --END-- [ RunTime:0.004824s ]
ERR: 无法加载模块:Index.login

[ 2015-12-10T09:22:14+08:00 ] 207.46.13.167 /robots.txt
INFO: [ app_init ] --START--
INFO: Run Behavior\BuildLiteBehavior [ RunTime:0.000202s ]
INFO: [ app_init ] --END-- [ RunTime:0.004856s ]
ERR: 无法加载模块:Robots

[ 2015-12-10T09:22:28+08:00 ] 207.46.13.167 /src/
INFO: [ app_init ] --START--
INFO: Run Behavior\BuildLiteBehavior [ RunTime:0.000203s ]
INFO: [ app_init ] --END-- [ RunTime:0.005310s ]
ERR: 无法加载模块:Src

[ 2015-12-10T11:21:47+08:00 ] 182.118.25.234 /robots.txt
INFO: [ app_init ] --START--
INFO: Run Behavior\BuildLiteBehavior [ RunTime:0.000208s ]
INFO: [ app_init ] --END-- [ RunTime:0.005242s ]
ERR: 无法加载模块:Robots

[ 2015-12-10T11:33:18+08:00 ] 66.249.64.198 /robots.txt
INFO: [ app_init ] --START--
INFO: Run Behavior\BuildLiteBehavior [ RunTime:0.000203s ]
INFO: [ app_init ] --END-- [ RunTime:0.004822s ]
ERR: 无法加载模块:Robots

[ 2015-12-10T17:16:00+08:00 ] 40.77.167.59 /robots.txt
INFO: [ app_init ] --START--
INFO: Run Behavior\BuildLiteBehavior [ RunTime:0.000204s ]
INFO: [ app_init ] --END-- [ RunTime:0.005181s ]
ERR: 无法加载模块:Robots

[ 2015-12-10T20:39:34+08:00 ] 60.211.5.186 /favicon.ico
INFO: [ app_init ] --START--
INFO: Run Behavior\BuildLiteBehavior [ RunTime:0.000257s ]
INFO: [ app_init ] --END-- [ RunTime:0.004908s ]
ERR: 无法加载模块:Favicon

[ 2015-12-10T22:54:05+08:00 ] 40.77.167.59 /robots.txt
INFO: [ app_init ] --START--
INFO: Run Behavior\BuildLiteBehavior [ RunTime:0.000205s ]
INFO: [ app_init ] --END-- [ RunTime:0.004984s ]
ERR: 无法加载模块:Robots

