[ 2015-12-17T00:33:48+08:00 ] 207.46.13.151 /robots.txt
INFO: [ app_init ] --START--
INFO: Run Behavior\BuildLiteBehavior [ RunTime:0.000203s ]
INFO: [ app_init ] --END-- [ RunTime:0.005170s ]
ERR: 无法加载模块:Robots

[ 2015-12-17T06:10:04+08:00 ] 207.46.13.64 /robots.txt
INFO: [ app_init ] --START--
INFO: Run Behavior\BuildLiteBehavior [ RunTime:0.000203s ]
INFO: [ app_init ] --END-- [ RunTime:0.005126s ]
ERR: 无法加载模块:Robots

[ 2015-12-17T09:27:13+08:00 ] 66.249.74.135 /robots.txt
INFO: [ app_init ] --START--
INFO: Run Behavior\BuildLiteBehavior [ RunTime:0.000204s ]
INFO: [ app_init ] --END-- [ RunTime:0.005084s ]
ERR: 无法加载模块:Robots

[ 2015-12-17T12:24:40+08:00 ] 207.46.13.64 /robots.txt
INFO: [ app_init ] --START--
INFO: Run Behavior\BuildLiteBehavior [ RunTime:0.000206s ]
INFO: [ app_init ] --END-- [ RunTime:0.004970s ]
ERR: 无法加载模块:Robots

