[ 2015-12-28T03:32:00+08:00 ] 207.46.13.83 /robots.txt
INFO: [ app_init ] --START--
INFO: Run Behavior\BuildLiteBehavior [ RunTime:0.000250s ]
INFO: [ app_init ] --END-- [ RunTime:0.005892s ]
ERR: 无法加载模块:Robots

[ 2015-12-28T03:32:44+08:00 ] 207.46.13.83 /libs/
INFO: [ app_init ] --START--
INFO: Run Behavior\BuildLiteBehavior [ RunTime:0.000259s ]
INFO: [ app_init ] --END-- [ RunTime:0.005226s ]
ERR: 无法加载模块:Libs

[ 2015-12-28T03:35:21+08:00 ] 207.46.13.44 /robots.txt
INFO: [ app_init ] --START--
INFO: Run Behavior\BuildLiteBehavior [ RunTime:0.000201s ]
INFO: [ app_init ] --END-- [ RunTime:0.005227s ]
ERR: 无法加载模块:Robots

[ 2015-12-28T03:49:16+08:00 ] 207.46.13.44 /robots.txt
INFO: [ app_init ] --START--
INFO: Run Behavior\BuildLiteBehavior [ RunTime:0.000197s ]
INFO: [ app_init ] --END-- [ RunTime:0.005405s ]
ERR: 无法加载模块:Robots

[ 2015-12-28T08:08:10+08:00 ] 157.55.39.225 /robots.txt
INFO: [ app_init ] --START--
INFO: Run Behavior\BuildLiteBehavior [ RunTime:0.000203s ]
INFO: [ app_init ] --END-- [ RunTime:0.005491s ]
ERR: 无法加载模块:Robots

[ 2015-12-28T10:51:56+08:00 ] 61.152.150.145 /favicon.ico
INFO: [ app_init ] --START--
INFO: Run Behavior\BuildLiteBehavior [ RunTime:0.000435s ]
INFO: [ app_init ] --END-- [ RunTime:0.005083s ]
ERR: 无法加载模块:Favicon

[ 2015-12-28T14:31:46+08:00 ] 157.55.39.225 /robots.txt
INFO: [ app_init ] --START--
INFO: Run Behavior\BuildLiteBehavior [ RunTime:0.000201s ]
INFO: [ app_init ] --END-- [ RunTime:0.004946s ]
ERR: 无法加载模块:Robots

[ 2015-12-28T16:25:47+08:00 ] 49.4.172.227 /favicon.ico
INFO: [ app_init ] --START--
INFO: Run Behavior\BuildLiteBehavior [ RunTime:0.000201s ]
INFO: [ app_init ] --END-- [ RunTime:0.005472s ]
ERR: 无法加载模块:Favicon

[ 2015-12-28T16:36:43+08:00 ] 66.249.66.95 /robots.txt
INFO: [ app_init ] --START--
INFO: Run Behavior\BuildLiteBehavior [ RunTime:0.000202s ]
INFO: [ app_init ] --END-- [ RunTime:0.005496s ]
ERR: 无法加载模块:Robots

[ 2015-12-28T18:15:28+08:00 ] 157.55.39.225 /robots.txt
INFO: [ app_init ] --START--
INFO: Run Behavior\BuildLiteBehavior [ RunTime:0.000446s ]
INFO: [ app_init ] --END-- [ RunTime:0.005402s ]
ERR: 无法加载模块:Robots

