[ 2015-12-09T01:05:59+08:00 ] 89.163.148.58 /robots.txt
INFO: [ app_init ] --START--
INFO: Run Behavior\BuildLiteBehavior [ RunTime:0.000210s ]
INFO: [ app_init ] --END-- [ RunTime:0.004952s ]
ERR: 无法加载模块:Robots

[ 2015-12-09T01:06:03+08:00 ] 89.163.148.58 /robots.txt
INFO: [ app_init ] --START--
INFO: Run Behavior\BuildLiteBehavior [ RunTime:0.000202s ]
INFO: [ app_init ] --END-- [ RunTime:0.005091s ]
ERR: 无法加载模块:Robots

[ 2015-12-09T01:36:29+08:00 ] 203.195.147.235 /favicon.ico
INFO: [ app_init ] --START--
INFO: Run Behavior\BuildLiteBehavior [ RunTime:0.000202s ]
INFO: [ app_init ] --END-- [ RunTime:0.005305s ]
ERR: 无法加载模块:Favicon

[ 2015-12-09T09:04:25+08:00 ] 157.55.39.218 /robots.txt
INFO: [ app_init ] --START--
INFO: Run Behavior\BuildLiteBehavior [ RunTime:0.000200s ]
INFO: [ app_init ] --END-- [ RunTime:0.005090s ]
ERR: 无法加载模块:Robots

[ 2015-12-09T09:04:40+08:00 ] 157.55.39.217 /css/
INFO: [ app_init ] --START--
INFO: Run Behavior\BuildLiteBehavior [ RunTime:0.000450s ]
INFO: [ app_init ] --END-- [ RunTime:0.005218s ]
ERR: 无法加载模块:Css

[ 2015-12-09T09:29:33+08:00 ] 123.125.71.116 /robots.txt
INFO: [ app_init ] --START--
INFO: Run Behavior\BuildLiteBehavior [ RunTime:0.000309s ]
INFO: [ app_init ] --END-- [ RunTime:0.005169s ]
ERR: 无法加载模块:Robots

[ 2015-12-09T10:36:06+08:00 ] 101.226.166.208 /robots.txt
INFO: [ app_init ] --START--
INFO: Run Behavior\BuildLiteBehavior [ RunTime:0.000207s ]
INFO: [ app_init ] --END-- [ RunTime:0.004827s ]
ERR: 无法加载模块:Robots

[ 2015-12-09T15:48:21+08:00 ] 157.55.39.191 /robots.txt
INFO: [ app_init ] --START--
INFO: Run Behavior\BuildLiteBehavior [ RunTime:0.000206s ]
INFO: [ app_init ] --END-- [ RunTime:0.004995s ]
ERR: 无法加载模块:Robots

[ 2015-12-09T15:48:46+08:00 ] 157.55.39.191 /libs/
INFO: [ app_init ] --START--
INFO: Run Behavior\BuildLiteBehavior [ RunTime:0.000199s ]
INFO: [ app_init ] --END-- [ RunTime:0.004809s ]
ERR: 无法加载模块:Libs

[ 2015-12-09T17:32:17+08:00 ] 157.55.39.155 /robots.txt
INFO: [ app_init ] --START--
INFO: Run Behavior\BuildLiteBehavior [ RunTime:0.000198s ]
INFO: [ app_init ] --END-- [ RunTime:0.005363s ]
ERR: 无法加载模块:Robots

[ 2015-12-09T23:16:16+08:00 ] 157.55.39.155 /robots.txt
INFO: [ app_init ] --START--
INFO: Run Behavior\BuildLiteBehavior [ RunTime:0.000203s ]
INFO: [ app_init ] --END-- [ RunTime:0.005210s ]
ERR: 无法加载模块:Robots

