[ 2015-12-11T05:08:40+08:00 ] 40.77.167.59 /robots.txt
INFO: [ app_init ] --START--
INFO: Run Behavior\BuildLiteBehavior [ RunTime:0.000199s ]
INFO: [ app_init ] --END-- [ RunTime:0.004818s ]
ERR: 无法加载模块:Robots

[ 2015-12-11T05:21:40+08:00 ] 68.180.229.23 /robots.txt
INFO: [ app_init ] --START--
INFO: Run Behavior\BuildLiteBehavior [ RunTime:0.000204s ]
INFO: [ app_init ] --END-- [ RunTime:0.005095s ]
ERR: 无法加载模块:Robots

[ 2015-12-11T05:21:47+08:00 ] 68.180.230.228 /robots.txt
INFO: [ app_init ] --START--
INFO: Run Behavior\BuildLiteBehavior [ RunTime:0.000200s ]
INFO: [ app_init ] --END-- [ RunTime:0.004812s ]
ERR: 无法加载模块:Robots

[ 2015-12-11T07:59:23+08:00 ] 62.210.170.165 /robots.txt
INFO: [ app_init ] --START--
INFO: Run Behavior\BuildLiteBehavior [ RunTime:0.000229s ]
INFO: [ app_init ] --END-- [ RunTime:0.005015s ]
ERR: 无法加载模块:Robots

[ 2015-12-11T07:59:42+08:00 ] 62.210.170.165 /robots.txt
INFO: [ app_init ] --START--
INFO: Run Behavior\BuildLiteBehavior [ RunTime:0.000226s ]
INFO: [ app_init ] --END-- [ RunTime:0.005122s ]
ERR: 无法加载模块:Robots

[ 2015-12-11T09:38:17+08:00 ] 207.46.13.167 /robots.txt
INFO: [ app_init ] --START--
INFO: Run Behavior\BuildLiteBehavior [ RunTime:0.000201s ]
INFO: [ app_init ] --END-- [ RunTime:0.005244s ]
ERR: 无法加载模块:Robots

[ 2015-12-11T10:04:39+08:00 ] 207.46.13.167 /robots.txt
INFO: [ app_init ] --START--
INFO: Run Behavior\BuildLiteBehavior [ RunTime:0.000202s ]
INFO: [ app_init ] --END-- [ RunTime:0.004821s ]
ERR: 无法加载模块:Robots

[ 2015-12-11T10:04:43+08:00 ] 207.46.13.167 /video/ocean.webm
INFO: [ app_init ] --START--
INFO: Run Behavior\BuildLiteBehavior [ RunTime:0.000202s ]
INFO: [ app_init ] --END-- [ RunTime:0.004943s ]
ERR: 无法加载模块:Video

[ 2015-12-11T12:28:17+08:00 ] 40.77.167.59 /robots.txt
INFO: [ app_init ] --START--
INFO: Run Behavior\BuildLiteBehavior [ RunTime:0.000201s ]
INFO: [ app_init ] --END-- [ RunTime:0.005317s ]
ERR: 无法加载模块:Robots

[ 2015-12-11T17:51:26+08:00 ] 40.77.167.59 /robots.txt
INFO: [ app_init ] --START--
INFO: Run Behavior\BuildLiteBehavior [ RunTime:0.000199s ]
INFO: [ app_init ] --END-- [ RunTime:0.005223s ]
ERR: 无法加载模块:Robots

[ 2015-12-11T20:21:41+08:00 ] 123.125.71.78 /robots.txt
INFO: [ app_init ] --START--
INFO: Run Behavior\BuildLiteBehavior [ RunTime:0.000202s ]
INFO: [ app_init ] --END-- [ RunTime:0.005200s ]
ERR: 无法加载模块:Robots

[ 2015-12-11T22:26:13+08:00 ] 40.77.167.20 /robots.txt
INFO: [ app_init ] --START--
INFO: Run Behavior\BuildLiteBehavior [ RunTime:0.000203s ]
INFO: [ app_init ] --END-- [ RunTime:0.005146s ]
ERR: 无法加载模块:Robots

