[ 2015-12-06T00:11:20+08:00 ] 40.77.167.76 /robots.txt
INFO: [ app_init ] --START--
INFO: Run Behavior\BuildLiteBehavior [ RunTime:0.000200s ]
INFO: [ app_init ] --END-- [ RunTime:0.005248s ]
ERR: 无法加载模块:Robots

[ 2015-12-06T00:11:40+08:00 ] 40.77.167.76 /libs/
INFO: [ app_init ] --START--
INFO: Run Behavior\BuildLiteBehavior [ RunTime:0.000198s ]
INFO: [ app_init ] --END-- [ RunTime:0.005262s ]
ERR: 无法加载模块:Libs

[ 2015-12-06T07:40:23+08:00 ] 203.195.147.235 /favicon.ico
INFO: [ app_init ] --START--
INFO: Run Behavior\BuildLiteBehavior [ RunTime:0.000235s ]
INFO: [ app_init ] --END-- [ RunTime:0.004943s ]
ERR: 无法加载模块:Favicon

[ 2015-12-06T08:51:25+08:00 ] 66.249.66.97 /robots.txt
INFO: [ app_init ] --START--
INFO: Run Behavior\BuildLiteBehavior [ RunTime:0.000233s ]
INFO: [ app_init ] --END-- [ RunTime:0.005384s ]
ERR: 无法加载模块:Robots

[ 2015-12-06T09:25:26+08:00 ] 66.249.66.95 /robots.txt
INFO: [ app_init ] --START--
INFO: Run Behavior\BuildLiteBehavior [ RunTime:0.000199s ]
INFO: [ app_init ] --END-- [ RunTime:0.004934s ]
ERR: 无法加载模块:Robots

[ 2015-12-06T15:36:41+08:00 ] 111.13.102.137 /robots.txt
INFO: [ app_init ] --START--
INFO: Run Behavior\BuildLiteBehavior [ RunTime:0.000201s ]
INFO: [ app_init ] --END-- [ RunTime:0.005205s ]
ERR: 无法加载模块:Robots

[ 2015-12-06T19:44:56+08:00 ] 91.121.169.194 /robots.txt
INFO: [ app_init ] --START--
INFO: Run Behavior\BuildLiteBehavior [ RunTime:0.000205s ]
INFO: [ app_init ] --END-- [ RunTime:0.005005s ]
ERR: 无法加载模块:Robots

[ 2015-12-06T19:45:06+08:00 ] 91.121.169.194 /robots.txt
INFO: [ app_init ] --START--
INFO: Run Behavior\BuildLiteBehavior [ RunTime:0.000208s ]
INFO: [ app_init ] --END-- [ RunTime:0.004979s ]
ERR: 无法加载模块:Robots

[ 2015-12-06T20:12:04+08:00 ] 157.55.39.2 /robots.txt
INFO: [ app_init ] --START--
INFO: Run Behavior\BuildLiteBehavior [ RunTime:0.000201s ]
INFO: [ app_init ] --END-- [ RunTime:0.004985s ]
ERR: 无法加载模块:Robots

[ 2015-12-06T20:42:09+08:00 ] 157.55.39.2 /robots.txt
INFO: [ app_init ] --START--
INFO: Run Behavior\BuildLiteBehavior [ RunTime:0.000290s ]
INFO: [ app_init ] --END-- [ RunTime:0.004979s ]
ERR: 无法加载模块:Robots

[ 2015-12-06T20:42:14+08:00 ] 157.55.39.2 /src/
INFO: [ app_init ] --START--
INFO: Run Behavior\BuildLiteBehavior [ RunTime:0.000208s ]
INFO: [ app_init ] --END-- [ RunTime:0.005103s ]
ERR: 无法加载模块:Src

[ 2015-12-06T23:36:17+08:00 ] 40.77.167.83 /robots.txt
INFO: [ app_init ] --START--
INFO: Run Behavior\BuildLiteBehavior [ RunTime:0.000203s ]
INFO: [ app_init ] --END-- [ RunTime:0.004920s ]
ERR: 无法加载模块:Robots

