[ 2015-12-24T04:31:07+08:00 ] 66.249.64.203 /robots.txt
INFO: [ app_init ] --START--
INFO: Run Behavior\BuildLiteBehavior [ RunTime:0.000194s ]
INFO: [ app_init ] --END-- [ RunTime:0.006469s ]
ERR: 无法加载模块:Robots

[ 2015-12-24T18:36:29+08:00 ] 61.152.150.145 /favicon.ico
INFO: [ app_init ] --START--
INFO: Run Behavior\BuildLiteBehavior [ RunTime:0.000203s ]
INFO: [ app_init ] --END-- [ RunTime:0.035746s ]
ERR: 无法加载模块:Favicon

[ 2015-12-24T18:36:29+08:00 ] 61.152.150.145 /favicon.ico
INFO: [ app_init ] --START--
INFO: Run Behavior\BuildLiteBehavior [ RunTime:0.000200s ]
INFO: [ app_init ] --END-- [ RunTime:0.004808s ]
ERR: 无法加载模块:Favicon

[ 2015-12-24T18:36:30+08:00 ] 61.152.150.145 /favicon.ico
INFO: [ app_init ] --START--
INFO: Run Behavior\BuildLiteBehavior [ RunTime:0.000208s ]
INFO: [ app_init ] --END-- [ RunTime:0.035904s ]
ERR: 无法加载模块:Favicon

[ 2015-12-24T18:36:30+08:00 ] 61.152.150.145 /favicon.ico
INFO: [ app_init ] --START--
INFO: Run Behavior\BuildLiteBehavior [ RunTime:0.000203s ]
INFO: [ app_init ] --END-- [ RunTime:0.004926s ]
ERR: 无法加载模块:Favicon

[ 2015-12-24T18:36:30+08:00 ] 61.152.150.145 /favicon.ico
INFO: [ app_init ] --START--
INFO: Run Behavior\BuildLiteBehavior [ RunTime:0.000245s ]
INFO: [ app_init ] --END-- [ RunTime:0.005424s ]
ERR: 无法加载模块:Favicon

[ 2015-12-24T18:36:32+08:00 ] 61.152.150.145 /favicon.ico
INFO: [ app_init ] --START--
INFO: Run Behavior\BuildLiteBehavior [ RunTime:0.000204s ]
INFO: [ app_init ] --END-- [ RunTime:0.016120s ]
ERR: 无法加载模块:Favicon

[ 2015-12-24T18:36:32+08:00 ] 61.152.150.145 /favicon.ico
INFO: [ app_init ] --START--
INFO: Run Behavior\BuildLiteBehavior [ RunTime:0.000316s ]
INFO: [ app_init ] --END-- [ RunTime:0.006000s ]
ERR: 无法加载模块:Favicon

[ 2015-12-24T18:36:44+08:00 ] 58.246.10.89 /favicon.ico
INFO: [ app_init ] --START--
INFO: Run Behavior\BuildLiteBehavior [ RunTime:0.000203s ]
INFO: [ app_init ] --END-- [ RunTime:0.004794s ]
ERR: 无法加载模块:Favicon

[ 2015-12-24T18:37:01+08:00 ] 61.152.150.145 /favicon.ico
INFO: [ app_init ] --START--
INFO: Run Behavior\BuildLiteBehavior [ RunTime:0.000873s ]
INFO: [ app_init ] --END-- [ RunTime:0.006017s ]
ERR: 无法加载模块:Favicon

[ 2015-12-24T18:37:03+08:00 ] 61.152.150.145 /favicon.ico
INFO: [ app_init ] --START--
INFO: Run Behavior\BuildLiteBehavior [ RunTime:0.000201s ]
INFO: [ app_init ] --END-- [ RunTime:0.005147s ]
ERR: 无法加载模块:Favicon

[ 2015-12-24T18:37:03+08:00 ] 61.152.150.145 /favicon.ico
INFO: [ app_init ] --START--
INFO: Run Behavior\BuildLiteBehavior [ RunTime:0.000202s ]
INFO: [ app_init ] --END-- [ RunTime:0.065217s ]
ERR: 无法加载模块:Favicon

[ 2015-12-24T18:37:03+08:00 ] 61.152.150.145 /favicon.ico
INFO: [ app_init ] --START--
INFO: Run Behavior\BuildLiteBehavior [ RunTime:0.000205s ]
INFO: [ app_init ] --END-- [ RunTime:0.023638s ]
ERR: 无法加载模块:Favicon

[ 2015-12-24T18:37:03+08:00 ] 61.152.150.145 /favicon.ico
INFO: [ app_init ] --START--
INFO: Run Behavior\BuildLiteBehavior [ RunTime:0.000203s ]
INFO: [ app_init ] --END-- [ RunTime:0.005997s ]
ERR: 无法加载模块:Favicon

[ 2015-12-24T18:37:03+08:00 ] 61.152.150.145 /favicon.ico
INFO: [ app_init ] --START--
INFO: Run Behavior\BuildLiteBehavior [ RunTime:0.000202s ]
INFO: [ app_init ] --END-- [ RunTime:0.005199s ]
ERR: 无法加载模块:Favicon

[ 2015-12-24T18:37:15+08:00 ] 61.152.150.145 /favicon.ico
INFO: [ app_init ] --START--
INFO: Run Behavior\BuildLiteBehavior [ RunTime:0.000199s ]
INFO: [ app_init ] --END-- [ RunTime:0.004779s ]
ERR: 无法加载模块:Favicon

[ 2015-12-24T18:37:15+08:00 ] 61.152.150.145 /favicon.ico
INFO: [ app_init ] --START--
INFO: Run Behavior\BuildLiteBehavior [ RunTime:0.000206s ]
INFO: [ app_init ] --END-- [ RunTime:0.045779s ]
ERR: 无法加载模块:Favicon

[ 2015-12-24T18:37:15+08:00 ] 61.152.150.145 /favicon.ico
INFO: [ app_init ] --START--
INFO: Run Behavior\BuildLiteBehavior [ RunTime:0.000198s ]
INFO: [ app_init ] --END-- [ RunTime:0.045319s ]
ERR: 无法加载模块:Favicon

[ 2015-12-24T18:37:15+08:00 ] 61.152.150.145 /favicon.ico
INFO: [ app_init ] --START--
INFO: Run Behavior\BuildLiteBehavior [ RunTime:0.000204s ]
INFO: [ app_init ] --END-- [ RunTime:0.005545s ]
ERR: 无法加载模块:Favicon

[ 2015-12-24T18:37:15+08:00 ] 61.152.150.145 /favicon.ico
INFO: [ app_init ] --START--
INFO: Run Behavior\BuildLiteBehavior [ RunTime:0.000213s ]
INFO: [ app_init ] --END-- [ RunTime:0.028786s ]
ERR: 无法加载模块:Favicon

[ 2015-12-24T18:37:18+08:00 ] 61.152.150.145 /favicon.ico
INFO: [ app_init ] --START--
INFO: Run Behavior\BuildLiteBehavior [ RunTime:0.019967s ]
INFO: [ app_init ] --END-- [ RunTime:0.026318s ]
ERR: 无法加载模块:Favicon

[ 2015-12-24T18:37:18+08:00 ] 61.152.150.145 /favicon.ico
INFO: [ app_init ] --START--
INFO: Run Behavior\BuildLiteBehavior [ RunTime:0.000199s ]
INFO: [ app_init ] --END-- [ RunTime:0.035565s ]
ERR: 无法加载模块:Favicon

[ 2015-12-24T18:37:18+08:00 ] 61.152.150.145 /favicon.ico
INFO: [ app_init ] --START--
INFO: Run Behavior\BuildLiteBehavior [ RunTime:0.000202s ]
INFO: [ app_init ] --END-- [ RunTime:0.018930s ]
ERR: 无法加载模块:Favicon

[ 2015-12-24T18:37:20+08:00 ] 61.152.150.145 /favicon.ico
INFO: [ app_init ] --START--
INFO: Run Behavior\BuildLiteBehavior [ RunTime:0.000209s ]
INFO: [ app_init ] --END-- [ RunTime:0.006993s ]
ERR: 无法加载模块:Favicon

[ 2015-12-24T18:37:21+08:00 ] 61.152.150.145 /favicon.ico
INFO: [ app_init ] --START--
INFO: Run Behavior\BuildLiteBehavior [ RunTime:0.000202s ]
INFO: [ app_init ] --END-- [ RunTime:0.004954s ]
ERR: 无法加载模块:Favicon

[ 2015-12-24T18:37:21+08:00 ] 61.152.150.145 /favicon.ico
INFO: [ app_init ] --START--
INFO: Run Behavior\BuildLiteBehavior [ RunTime:0.000204s ]
INFO: [ app_init ] --END-- [ RunTime:0.015734s ]
ERR: 无法加载模块:Favicon

[ 2015-12-24T18:37:23+08:00 ] 61.152.150.145 /favicon.ico
INFO: [ app_init ] --START--
INFO: Run Behavior\BuildLiteBehavior [ RunTime:0.000204s ]
INFO: [ app_init ] --END-- [ RunTime:0.006381s ]
ERR: 无法加载模块:Favicon

[ 2015-12-24T18:37:24+08:00 ] 61.152.150.145 /favicon.ico
INFO: [ app_init ] --START--
INFO: Run Behavior\BuildLiteBehavior [ RunTime:0.000926s ]
INFO: [ app_init ] --END-- [ RunTime:0.016055s ]
ERR: 无法加载模块:Favicon

[ 2015-12-24T18:37:24+08:00 ] 61.152.150.145 /favicon.ico
INFO: [ app_init ] --START--
INFO: Run Behavior\BuildLiteBehavior [ RunTime:0.000199s ]
INFO: [ app_init ] --END-- [ RunTime:0.005133s ]
ERR: 无法加载模块:Favicon

[ 2015-12-24T18:37:24+08:00 ] 61.152.150.145 /favicon.ico
INFO: [ app_init ] --START--
INFO: Run Behavior\BuildLiteBehavior [ RunTime:0.000205s ]
INFO: [ app_init ] --END-- [ RunTime:0.015119s ]
ERR: 无法加载模块:Favicon

[ 2015-12-24T18:37:25+08:00 ] 61.152.150.145 /favicon.ico
INFO: [ app_init ] --START--
INFO: Run Behavior\BuildLiteBehavior [ RunTime:0.000202s ]
INFO: [ app_init ] --END-- [ RunTime:0.005767s ]
ERR: 无法加载模块:Favicon

[ 2015-12-24T18:37:25+08:00 ] 61.152.150.145 /favicon.ico
INFO: [ app_init ] --START--
INFO: Run Behavior\BuildLiteBehavior [ RunTime:0.000200s ]
INFO: [ app_init ] --END-- [ RunTime:0.005192s ]
ERR: 无法加载模块:Favicon

[ 2015-12-24T18:37:56+08:00 ] 61.152.150.145 /favicon.ico
INFO: [ app_init ] --START--
INFO: Run Behavior\BuildLiteBehavior [ RunTime:0.000203s ]
INFO: [ app_init ] --END-- [ RunTime:0.005198s ]
ERR: 无法加载模块:Favicon

[ 2015-12-24T18:39:13+08:00 ] 61.152.150.145 /favicon.ico
INFO: [ app_init ] --START--
INFO: Run Behavior\BuildLiteBehavior [ RunTime:0.000208s ]
INFO: [ app_init ] --END-- [ RunTime:0.005020s ]
ERR: 无法加载模块:Favicon

[ 2015-12-24T18:41:39+08:00 ] 220.181.38.116 /favicon.ico
INFO: [ app_init ] --START--
INFO: Run Behavior\BuildLiteBehavior [ RunTime:0.000204s ]
INFO: [ app_init ] --END-- [ RunTime:0.004839s ]
ERR: 无法加载模块:Favicon

