[ 2015-12-13T01:04:11+08:00 ] 40.77.167.20 /robots.txt
INFO: [ app_init ] --START--
INFO: Run Behavior\BuildLiteBehavior [ RunTime:0.000203s ]
INFO: [ app_init ] --END-- [ RunTime:0.005262s ]
ERR: 无法加载模块:Robots

[ 2015-12-13T02:11:39+08:00 ] 182.118.25.203 /robots.txt
INFO: [ app_init ] --START--
INFO: Run Behavior\BuildLiteBehavior [ RunTime:0.000208s ]
INFO: [ app_init ] --END-- [ RunTime:0.005177s ]
ERR: 无法加载模块:Robots

[ 2015-12-13T02:52:42+08:00 ] 207.46.13.67 /robots.txt
INFO: [ app_init ] --START--
INFO: Run Behavior\BuildLiteBehavior [ RunTime:0.000206s ]
INFO: [ app_init ] --END-- [ RunTime:0.004829s ]
ERR: 无法加载模块:Robots

[ 2015-12-13T03:52:08+08:00 ] 40.77.167.20 /robots.txt
INFO: [ app_init ] --START--
INFO: Run Behavior\BuildLiteBehavior [ RunTime:0.000204s ]
INFO: [ app_init ] --END-- [ RunTime:0.005249s ]
ERR: 无法加载模块:Robots

[ 2015-12-13T04:16:22+08:00 ] 40.77.167.20 /robots.txt
INFO: [ app_init ] --START--
INFO: Run Behavior\BuildLiteBehavior [ RunTime:0.000202s ]
INFO: [ app_init ] --END-- [ RunTime:0.004936s ]
ERR: 无法加载模块:Robots

[ 2015-12-13T04:16:42+08:00 ] 40.77.167.20 /indexa.html
INFO: [ app_init ] --START--
INFO: Run Behavior\BuildLiteBehavior [ RunTime:0.000198s ]
INFO: [ app_init ] --END-- [ RunTime:0.004826s ]
ERR: 无法加载模块:Indexa

[ 2015-12-13T07:21:57+08:00 ] 203.208.60.4 /robots.txt
INFO: [ app_init ] --START--
INFO: Run Behavior\BuildLiteBehavior [ RunTime:0.000205s ]
INFO: [ app_init ] --END-- [ RunTime:0.004944s ]
ERR: 无法加载模块:Robots

[ 2015-12-13T08:27:03+08:00 ] 207.46.13.67 /robots.txt
INFO: [ app_init ] --START--
INFO: Run Behavior\BuildLiteBehavior [ RunTime:0.000198s ]
INFO: [ app_init ] --END-- [ RunTime:0.004974s ]
ERR: 无法加载模块:Robots

[ 2015-12-13T08:28:28+08:00 ] 123.125.71.70 /p.php
INFO: [ app_init ] --START--
INFO: Run Behavior\BuildLiteBehavior [ RunTime:0.000203s ]
INFO: [ app_init ] --END-- [ RunTime:0.005374s ]
ERR: 无法加载模块:P

[ 2015-12-13T11:19:44+08:00 ] 69.30.198.178 /robots.txt
INFO: [ app_init ] --START--
INFO: Run Behavior\BuildLiteBehavior [ RunTime:0.000202s ]
INFO: [ app_init ] --END-- [ RunTime:0.005044s ]
ERR: 无法加载模块:Robots

[ 2015-12-13T11:19:49+08:00 ] 69.30.198.178 /robots.txt
INFO: [ app_init ] --START--
INFO: Run Behavior\BuildLiteBehavior [ RunTime:0.000204s ]
INFO: [ app_init ] --END-- [ RunTime:0.005135s ]
ERR: 无法加载模块:Robots

[ 2015-12-13T19:47:16+08:00 ] 180.76.15.31 /robots.txt
INFO: [ app_init ] --START--
INFO: Run Behavior\BuildLiteBehavior [ RunTime:0.000203s ]
INFO: [ app_init ] --END-- [ RunTime:0.005243s ]
ERR: 无法加载模块:Robots

[ 2015-12-13T20:24:57+08:00 ] 207.46.13.67 /robots.txt
INFO: [ app_init ] --START--
INFO: Run Behavior\BuildLiteBehavior [ RunTime:0.000202s ]
INFO: [ app_init ] --END-- [ RunTime:0.005171s ]
ERR: 无法加载模块:Robots

[ 2015-12-13T20:26:48+08:00 ] 207.46.13.67 /robots.txt
INFO: [ app_init ] --START--
INFO: Run Behavior\BuildLiteBehavior [ RunTime:0.000214s ]
INFO: [ app_init ] --END-- [ RunTime:0.004946s ]
ERR: 无法加载模块:Robots

[ 2015-12-13T21:18:58+08:00 ] 192.168.2.1 /a.html
INFO: [ app_init ] --START--
INFO: Run Behavior\BuildLiteBehavior [ RunTime:0.000203s ]
INFO: [ app_init ] --END-- [ RunTime:0.005274s ]
ERR: 无法加载模块:A

[ 2015-12-13T21:18:59+08:00 ] 192.168.2.1 /favicon.ico
INFO: [ app_init ] --START--
INFO: Run Behavior\BuildLiteBehavior [ RunTime:0.000319s ]
INFO: [ app_init ] --END-- [ RunTime:0.005011s ]
ERR: 无法加载模块:Favicon

[ 2015-12-13T22:29:15+08:00 ] 203.208.60.20 /robots.txt
INFO: [ app_init ] --START--
INFO: Run Behavior\BuildLiteBehavior [ RunTime:0.000208s ]
INFO: [ app_init ] --END-- [ RunTime:0.022172s ]
ERR: 无法加载模块:Robots

[ 2015-12-13T22:38:46+08:00 ] 203.208.60.19 /robots.txt
INFO: [ app_init ] --START--
INFO: Run Behavior\BuildLiteBehavior [ RunTime:0.000204s ]
INFO: [ app_init ] --END-- [ RunTime:0.004838s ]
ERR: 无法加载模块:Robots

