[ 2016-01-08T03:10:51+08:00 ] 109.60.243.105 /blog
INFO: [ app_init ] --START--
INFO: Run Behavior\BuildLiteBehavior [ RunTime:0.000203s ]
INFO: [ app_init ] --END-- [ RunTime:0.005035s ]
ERR: 无法加载模块:Blog

[ 2016-01-08T03:10:51+08:00 ] 178.125.180.130 /drupal
INFO: [ app_init ] --START--
INFO: Run Behavior\BuildLiteBehavior [ RunTime:0.000203s ]
INFO: [ app_init ] --END-- [ RunTime:0.005191s ]
ERR: 无法加载模块:Drupal

[ 2016-01-08T03:10:51+08:00 ] 95.167.1.154 /joomla
INFO: [ app_init ] --START--
INFO: Run Behavior\BuildLiteBehavior [ RunTime:0.000200s ]
INFO: [ app_init ] --END-- [ RunTime:0.005080s ]
ERR: 无法加载模块:Joomla

[ 2016-01-08T03:10:53+08:00 ] 37.45.119.41 /wp
INFO: [ app_init ] --START--
INFO: Run Behavior\BuildLiteBehavior [ RunTime:0.000206s ]
INFO: [ app_init ] --END-- [ RunTime:0.005188s ]
ERR: 无法加载模块:Wp

[ 2016-01-08T03:10:55+08:00 ] 122.129.84.235 /wordpress
INFO: [ app_init ] --START--
INFO: Run Behavior\BuildLiteBehavior [ RunTime:0.000200s ]
INFO: [ app_init ] --END-- [ RunTime:0.005436s ]
ERR: 无法加载模块:Wordpress

[ 2016-01-08T10:45:15+08:00 ] 157.55.39.41 /robots.txt
INFO: [ app_init ] --START--
INFO: Run Behavior\BuildLiteBehavior [ RunTime:0.000204s ]
INFO: [ app_init ] --END-- [ RunTime:0.005560s ]
ERR: 无法加载模块:Robots

[ 2016-01-08T12:52:24+08:00 ] 220.181.38.112 /favicon.ico
INFO: [ app_init ] --START--
INFO: Run Behavior\BuildLiteBehavior [ RunTime:0.000196s ]
INFO: [ app_init ] --END-- [ RunTime:0.005168s ]
ERR: 无法加载模块:Favicon

[ 2016-01-08T13:44:43+08:00 ] 49.4.172.227 /favicon.ico
INFO: [ app_init ] --START--
INFO: Run Behavior\BuildLiteBehavior [ RunTime:0.000202s ]
INFO: [ app_init ] --END-- [ RunTime:0.005493s ]
ERR: 无法加载模块:Favicon

[ 2016-01-08T13:45:44+08:00 ] 119.57.162.171 /favicon.ico
INFO: [ app_init ] --START--
INFO: Run Behavior\BuildLiteBehavior [ RunTime:0.000203s ]
INFO: [ app_init ] --END-- [ RunTime:0.005492s ]
ERR: 无法加载模块:Favicon

