[ 2016-01-13T09:04:43+08:00 ] 207.46.13.84 /robots.txt
INFO: [ app_init ] --START--
INFO: Run Behavior\BuildLiteBehavior [ RunTime:0.000200s ]
INFO: [ app_init ] --END-- [ RunTime:0.005270s ]
ERR: 无法加载模块:Robots

[ 2016-01-13T11:21:58+08:00 ] 188.165.15.227 /robots.txt
INFO: [ app_init ] --START--
INFO: Run Behavior\BuildLiteBehavior [ RunTime:0.000200s ]
INFO: [ app_init ] --END-- [ RunTime:0.005191s ]
ERR: 无法加载模块:Robots

[ 2016-01-13T19:04:29+08:00 ] 207.46.13.13 /robots.txt
INFO: [ app_init ] --START--
INFO: Run Behavior\BuildLiteBehavior [ RunTime:0.000201s ]
INFO: [ app_init ] --END-- [ RunTime:0.005278s ]
ERR: 无法加载模块:Robots

[ 2016-01-13T19:24:28+08:00 ] 123.125.71.50 /robots.txt
INFO: [ app_init ] --START--
INFO: Run Behavior\BuildLiteBehavior [ RunTime:0.000201s ]
INFO: [ app_init ] --END-- [ RunTime:0.005440s ]
ERR: 无法加载模块:Robots

[ 2016-01-13T19:52:09+08:00 ] 220.181.38.112 /iospatch.js
INFO: [ app_init ] --START--
INFO: Run Behavior\BuildLiteBehavior [ RunTime:0.000205s ]
INFO: [ app_init ] --END-- [ RunTime:0.005217s ]
ERR: 无法加载模块:Iospatch

[ 2016-01-13T22:37:09+08:00 ] 220.181.38.124 /iospatch.js
INFO: [ app_init ] --START--
INFO: Run Behavior\BuildLiteBehavior [ RunTime:0.000205s ]
INFO: [ app_init ] --END-- [ RunTime:0.004868s ]
ERR: 无法加载模块:Iospatch

[ 2016-01-13T22:37:15+08:00 ] 220.181.38.124 /iospatch.js
INFO: [ app_init ] --START--
INFO: Run Behavior\BuildLiteBehavior [ RunTime:0.000202s ]
INFO: [ app_init ] --END-- [ RunTime:0.005164s ]
ERR: 无法加载模块:Iospatch

[ 2016-01-13T22:54:11+08:00 ] 68.180.229.52 /robots.txt
INFO: [ app_init ] --START--
INFO: Run Behavior\BuildLiteBehavior [ RunTime:0.000203s ]
INFO: [ app_init ] --END-- [ RunTime:0.005232s ]
ERR: 无法加载模块:Robots

[ 2016-01-13T22:54:20+08:00 ] 68.180.230.228 /robots.txt
INFO: [ app_init ] --START--
INFO: Run Behavior\BuildLiteBehavior [ RunTime:0.000209s ]
INFO: [ app_init ] --END-- [ RunTime:0.005202s ]
ERR: 无法加载模块:Robots

[ 2016-01-13T23:33:37+08:00 ] 207.46.13.13 /robots.txt
INFO: [ app_init ] --START--
INFO: Run Behavior\BuildLiteBehavior [ RunTime:0.000203s ]
INFO: [ app_init ] --END-- [ RunTime:0.005120s ]
ERR: 无法加载模块:Robots

