[ 2016-01-21T02:17:09+08:00 ] 62.210.97.48 /robots.txt
INFO: [ app_init ] --START--
INFO: Run Behavior\BuildLiteBehavior [ RunTime:0.000204s ]
INFO: [ app_init ] --END-- [ RunTime:0.004839s ]
ERR: 无法加载模块:Robots

[ 2016-01-21T02:17:46+08:00 ] 62.210.97.48 /robots.txt
INFO: [ app_init ] --START--
INFO: Run Behavior\BuildLiteBehavior [ RunTime:0.000202s ]
INFO: [ app_init ] --END-- [ RunTime:0.004934s ]
ERR: 无法加载模块:Robots

[ 2016-01-21T06:52:43+08:00 ] 207.46.13.34 /robots.txt
INFO: [ app_init ] --START--
INFO: Run Behavior\BuildLiteBehavior [ RunTime:0.000200s ]
INFO: [ app_init ] --END-- [ RunTime:0.005181s ]
ERR: 无法加载模块:Robots

[ 2016-01-21T11:43:13+08:00 ] 203.208.60.12 /robots.txt
INFO: [ app_init ] --START--
INFO: Run Behavior\BuildLiteBehavior [ RunTime:0.000201s ]
INFO: [ app_init ] --END-- [ RunTime:0.005187s ]
ERR: 无法加载模块:Robots

