[ 2016-01-16T05:09:16+08:00 ] 207.46.13.39 /robots.txt
INFO: [ app_init ] --START--
INFO: Run Behavior\BuildLiteBehavior [ RunTime:0.000250s ]
INFO: [ app_init ] --END-- [ RunTime:0.005319s ]
ERR: 无法加载模块:Robots

[ 2016-01-16T13:02:45+08:00 ] 62.163.78.143 /robots.txt
INFO: [ app_init ] --START--
INFO: Run Behavior\BuildLiteBehavior [ RunTime:0.000202s ]
INFO: [ app_init ] --END-- [ RunTime:0.005271s ]
ERR: 无法加载模块:Robots

[ 2016-01-16T13:02:49+08:00 ] 62.163.78.143 /robots.txt
INFO: [ app_init ] --START--
INFO: Run Behavior\BuildLiteBehavior [ RunTime:0.000206s ]
INFO: [ app_init ] --END-- [ RunTime:0.005371s ]
ERR: 无法加载模块:Robots

[ 2016-01-16T14:31:48+08:00 ] 207.46.13.172 /robots.txt
INFO: [ app_init ] --START--
INFO: Run Behavior\BuildLiteBehavior [ RunTime:0.000202s ]
INFO: [ app_init ] --END-- [ RunTime:0.004850s ]
ERR: 无法加载模块:Robots

[ 2016-01-16T14:32:05+08:00 ] 207.46.13.172 /robots.txt
INFO: [ app_init ] --START--
INFO: Run Behavior\BuildLiteBehavior [ RunTime:0.000201s ]
INFO: [ app_init ] --END-- [ RunTime:0.004962s ]
ERR: 无法加载模块:Robots

[ 2016-01-16T14:32:20+08:00 ] 207.46.13.172 /css/
INFO: [ app_init ] --START--
INFO: Run Behavior\BuildLiteBehavior [ RunTime:0.000207s ]
INFO: [ app_init ] --END-- [ RunTime:0.005014s ]
ERR: 无法加载模块:Css

[ 2016-01-16T16:58:28+08:00 ] 192.168.2.1 /favicon.ico
INFO: [ app_init ] --START--
INFO: Run Behavior\BuildLiteBehavior [ RunTime:0.000198s ]
INFO: [ app_init ] --END-- [ RunTime:0.005297s ]
ERR: 无法加载模块:Favicon

[ 2016-01-16T16:59:59+08:00 ] 192.168.2.1 /%E4%B8%8B%E8%BD%BD%20Dropbox%20Mac%20%E7%89%88_files/main-vfldUxzGn.css
INFO: [ app_init ] --START--
INFO: Run Behavior\BuildLiteBehavior [ RunTime:0.000201s ]
INFO: [ app_init ] --END-- [ RunTime:0.075825s ]
ERR: 无法加载模块:下载 Dropbox Mac 版_files

[ 2016-01-16T17:00:00+08:00 ] 192.168.2.1 /%E4%B8%8B%E8%BD%BD%20Dropbox%20Mac%20%E7%89%88_files/web_sprites-vflBVEmZL.css
INFO: [ app_init ] --START--
INFO: Run Behavior\BuildLiteBehavior [ RunTime:0.000202s ]
INFO: [ app_init ] --END-- [ RunTime:0.035111s ]
ERR: 无法加载模块:下载 Dropbox Mac 版_files

[ 2016-01-16T17:00:00+08:00 ] 192.168.2.1 /%E4%B8%8B%E8%BD%BD%20Dropbox%20Mac%20%E7%89%88_files/downloading-vflF4pOpX.css
INFO: [ app_init ] --START--
INFO: Run Behavior\BuildLiteBehavior [ RunTime:0.000209s ]
INFO: [ app_init ] --END-- [ RunTime:0.030666s ]
ERR: 无法加载模块:下载 Dropbox Mac 版_files

[ 2016-01-16T17:00:00+08:00 ] 192.168.2.1 /%E4%B8%8B%E8%BD%BD%20Dropbox%20Mac%20%E7%89%88_files/video-js-vfllqOHND.css
INFO: [ app_init ] --START--
INFO: Run Behavior\BuildLiteBehavior [ RunTime:0.000195s ]
INFO: [ app_init ] --END-- [ RunTime:0.004965s ]
ERR: 无法加载模块:下载 Dropbox Mac 版_files

[ 2016-01-16T17:00:00+08:00 ] 192.168.2.1 /%E4%B8%8B%E8%BD%BD%20Dropbox%20Mac%20%E7%89%88_files/require-vflda-YZ0.js
INFO: [ app_init ] --START--
INFO: Run Behavior\BuildLiteBehavior [ RunTime:0.000202s ]
INFO: [ app_init ] --END-- [ RunTime:0.035329s ]
ERR: 无法加载模块:下载 Dropbox Mac 版_files

[ 2016-01-16T17:00:01+08:00 ] 192.168.2.1 /%E4%B8%8B%E8%BD%BD%20Dropbox%20Mac%20%E7%89%88_files/pkg-aa-mini-vfl6NSO48.js
INFO: [ app_init ] --START--
INFO: Run Behavior\BuildLiteBehavior [ RunTime:0.000217s ]
INFO: [ app_init ] --END-- [ RunTime:0.045460s ]
ERR: 无法加载模块:下载 Dropbox Mac 版_files

[ 2016-01-16T17:00:01+08:00 ] 192.168.2.1 /%E4%B8%8B%E8%BD%BD%20Dropbox%20Mac%20%E7%89%88_files/pkg-ab-mini-vfl3p2ItG.js
INFO: [ app_init ] --START--
INFO: Run Behavior\BuildLiteBehavior [ RunTime:0.000203s ]
INFO: [ app_init ] --END-- [ RunTime:0.055249s ]
ERR: 无法加载模块:下载 Dropbox Mac 版_files

[ 2016-01-16T17:00:02+08:00 ] 192.168.2.1 /%E4%B8%8B%E8%BD%BD%20Dropbox%20Mac%20%E7%89%88_files/flux-vflvYbqc8.js
INFO: [ app_init ] --START--
INFO: Run Behavior\BuildLiteBehavior [ RunTime:0.000195s ]
INFO: [ app_init ] --END-- [ RunTime:0.028859s ]
ERR: 无法加载模块:下载 Dropbox Mac 版_files

[ 2016-01-16T17:00:02+08:00 ] 192.168.2.1 /%E4%B8%8B%E8%BD%BD%20Dropbox%20Mac%20%E7%89%88_files/dropbox_client_download-mini-vflpHkD2P.js
INFO: [ app_init ] --START--
INFO: Run Behavior\BuildLiteBehavior [ RunTime:0.000202s ]
INFO: [ app_init ] --END-- [ RunTime:0.055235s ]
ERR: 无法加载模块:下载 Dropbox Mac 版_files

[ 2016-01-16T17:00:02+08:00 ] 192.168.2.1 /%E4%B8%8B%E8%BD%BD%20Dropbox%20Mac%20%E7%89%88_files/react-0.12.0.min-vfl7pWXh9.js
INFO: [ app_init ] --START--
INFO: Run Behavior\BuildLiteBehavior [ RunTime:0.000199s ]
INFO: [ app_init ] --END-- [ RunTime:0.050117s ]
ERR: 无法加载模块:下载 Dropbox Mac 版_files

[ 2016-01-16T17:00:02+08:00 ] 192.168.2.1 /%E4%B8%8B%E8%BD%BD%20Dropbox%20Mac%20%E7%89%88_files/zh_CN.js
INFO: [ app_init ] --START--
INFO: Run Behavior\BuildLiteBehavior [ RunTime:0.000319s ]
INFO: [ app_init ] --END-- [ RunTime:0.035379s ]
ERR: 无法加载模块:下载 Dropbox Mac 版_files

[ 2016-01-16T17:00:03+08:00 ] 192.168.2.1 /%E4%B8%8B%E8%BD%BD%20Dropbox%20Mac%20%E7%89%88_files/jquery-security-patch-vflz7dLlZ.js
INFO: [ app_init ] --START--
INFO: Run Behavior\BuildLiteBehavior [ RunTime:0.000199s ]
INFO: [ app_init ] --END-- [ RunTime:0.004907s ]
ERR: 无法加载模块:下载 Dropbox Mac 版_files

[ 2016-01-16T17:00:03+08:00 ] 192.168.2.1 /%E4%B8%8B%E8%BD%BD%20Dropbox%20Mac%20%E7%89%88_files/underscore-1.8.3.min-vflVD_rHs.js
INFO: [ app_init ] --START--
INFO: Run Behavior\BuildLiteBehavior [ RunTime:0.000199s ]
INFO: [ app_init ] --END-- [ RunTime:0.004794s ]
ERR: 无法加载模块:下载 Dropbox Mac 版_files

[ 2016-01-16T17:00:03+08:00 ] 192.168.2.1 /%E4%B8%8B%E8%BD%BD%20Dropbox%20Mac%20%E7%89%88_files/blue_dropbox_glyph-vflOJKOUw.png
INFO: [ app_init ] --START--
INFO: Run Behavior\BuildLiteBehavior [ RunTime:0.000198s ]
INFO: [ app_init ] --END-- [ RunTime:0.004945s ]
ERR: 无法加载模块:下载 Dropbox Mac 版_files

[ 2016-01-16T17:00:03+08:00 ] 192.168.2.1 /%E4%B8%8B%E8%BD%BD%20Dropbox%20Mac%20%E7%89%88_files/purify-vfl3FVgCP.js
INFO: [ app_init ] --START--
INFO: Run Behavior\BuildLiteBehavior [ RunTime:0.000203s ]
INFO: [ app_init ] --END-- [ RunTime:0.095781s ]
ERR: 无法加载模块:下载 Dropbox Mac 版_files

[ 2016-01-16T17:00:03+08:00 ] 192.168.2.1 /%E4%B8%8B%E8%BD%BD%20Dropbox%20Mac%20%E7%89%88_files/sha1-vflgHBuGL.js
INFO: [ app_init ] --START--
INFO: Run Behavior\BuildLiteBehavior [ RunTime:0.000199s ]
INFO: [ app_init ] --END-- [ RunTime:0.099399s ]
ERR: 无法加载模块:下载 Dropbox Mac 版_files

[ 2016-01-16T17:00:03+08:00 ] 192.168.2.1 /%E4%B8%8B%E8%BD%BD%20Dropbox%20Mac%20%E7%89%88_files/jquery.min.js
INFO: [ app_init ] --START--
INFO: Run Behavior\BuildLiteBehavior [ RunTime:0.110395s ]
INFO: [ app_init ] --END-- [ RunTime:0.115212s ]
ERR: 无法加载模块:下载 Dropbox Mac 版_files

[ 2016-01-16T17:00:03+08:00 ] 192.168.2.1 /%E4%B8%8B%E8%BD%BD%20Dropbox%20Mac%20%E7%89%88_files/downloading_mac-vflPafyEH.png
INFO: [ app_init ] --START--
INFO: Run Behavior\BuildLiteBehavior [ RunTime:0.000206s ]
INFO: [ app_init ] --END-- [ RunTime:0.005135s ]
ERR: 无法加载模块:下载 Dropbox Mac 版_files

[ 2016-01-16T17:00:03+08:00 ] 192.168.2.1 /%E4%B8%8B%E8%BD%BD%20Dropbox%20Mac%20%E7%89%88_files/hstsping
INFO: [ app_init ] --START--
INFO: Run Behavior\BuildLiteBehavior [ RunTime:0.000201s ]
INFO: [ app_init ] --END-- [ RunTime:0.004965s ]
ERR: 无法加载模块:下载 Dropbox Mac 版_files

