[ 2016-01-11T02:19:18+08:00 ] 66.249.64.127 /robots.txt
INFO: [ app_init ] --START--
INFO: Run Behavior\BuildLiteBehavior [ RunTime:0.000197s ]
INFO: [ app_init ] --END-- [ RunTime:0.005159s ]
ERR: 无法加载模块:Robots

[ 2016-01-11T06:44:53+08:00 ] 192.99.107.175 /robots.txt
INFO: [ app_init ] --START--
INFO: Run Behavior\BuildLiteBehavior [ RunTime:0.000201s ]
INFO: [ app_init ] --END-- [ RunTime:0.005398s ]
ERR: 无法加载模块:Robots

[ 2016-01-11T14:15:59+08:00 ] 157.55.39.117 /robots.txt
INFO: [ app_init ] --START--
INFO: Run Behavior\BuildLiteBehavior [ RunTime:0.000205s ]
INFO: [ app_init ] --END-- [ RunTime:0.005359s ]
ERR: 无法加载模块:Robots

[ 2016-01-11T14:16:00+08:00 ] 157.55.39.117 /robots.txt
INFO: [ app_init ] --START--
INFO: Run Behavior\BuildLiteBehavior [ RunTime:0.000202s ]
INFO: [ app_init ] --END-- [ RunTime:0.005028s ]
ERR: 无法加载模块:Robots

[ 2016-01-11T14:16:01+08:00 ] 157.55.39.117 /robots.txt
INFO: [ app_init ] --START--
INFO: Run Behavior\BuildLiteBehavior [ RunTime:0.000201s ]
INFO: [ app_init ] --END-- [ RunTime:0.005127s ]
ERR: 无法加载模块:Robots

[ 2016-01-11T14:56:12+08:00 ] 40.77.167.67 /robots.txt
INFO: [ app_init ] --START--
INFO: Run Behavior\BuildLiteBehavior [ RunTime:0.000199s ]
INFO: [ app_init ] --END-- [ RunTime:0.004933s ]
ERR: 无法加载模块:Robots

[ 2016-01-11T19:53:26+08:00 ] 207.46.13.13 /src/
INFO: [ app_init ] --START--
INFO: Run Behavior\BuildLiteBehavior [ RunTime:0.000203s ]
INFO: [ app_init ] --END-- [ RunTime:0.005428s ]
ERR: 无法加载模块:Src

[ 2016-01-11T20:04:51+08:00 ] 123.125.71.58 /robots.txt
INFO: [ app_init ] --START--
INFO: Run Behavior\BuildLiteBehavior [ RunTime:0.000201s ]
INFO: [ app_init ] --END-- [ RunTime:0.004944s ]
ERR: 无法加载模块:Robots

[ 2016-01-11T20:31:42+08:00 ] 46.34.203.152 /drupal
INFO: [ app_init ] --START--
INFO: Run Behavior\BuildLiteBehavior [ RunTime:0.000203s ]
INFO: [ app_init ] --END-- [ RunTime:0.005680s ]
ERR: 无法加载模块:Drupal

[ 2016-01-11T20:31:45+08:00 ] 113.11.84.35 /blog
INFO: [ app_init ] --START--
INFO: Run Behavior\BuildLiteBehavior [ RunTime:0.000207s ]
INFO: [ app_init ] --END-- [ RunTime:0.005017s ]
ERR: 无法加载模块:Blog

[ 2016-01-11T20:32:00+08:00 ] 180.191.127.67 /wp
INFO: [ app_init ] --START--
INFO: Run Behavior\BuildLiteBehavior [ RunTime:0.000199s ]
INFO: [ app_init ] --END-- [ RunTime:0.005884s ]
ERR: 无法加载模块:Wp

[ 2016-01-11T20:32:12+08:00 ] 213.110.9.38 /wordpress
INFO: [ app_init ] --START--
INFO: Run Behavior\BuildLiteBehavior [ RunTime:0.000197s ]
INFO: [ app_init ] --END-- [ RunTime:0.005443s ]
ERR: 无法加载模块:Wordpress

[ 2016-01-11T20:32:48+08:00 ] 178.204.226.174 /joomla
INFO: [ app_init ] --START--
INFO: Run Behavior\BuildLiteBehavior [ RunTime:0.000204s ]
INFO: [ app_init ] --END-- [ RunTime:0.005049s ]
ERR: 无法加载模块:Joomla

