[ 2016-01-09T01:21:28+08:00 ] 203.208.60.12 /robots.txt
INFO: [ app_init ] --START--
INFO: Run Behavior\BuildLiteBehavior [ RunTime:0.000203s ]
INFO: [ app_init ] --END-- [ RunTime:0.005275s ]
ERR: 无法加载模块:Robots

[ 2016-01-09T02:09:29+08:00 ] 203.208.60.14 /css/main.css
INFO: [ app_init ] --START--
INFO: Run Behavior\BuildLiteBehavior [ RunTime:0.000202s ]
INFO: [ app_init ] --END-- [ RunTime:0.005211s ]
ERR: 无法加载模块:Css

[ 2016-01-09T02:09:36+08:00 ] 203.208.60.14 /js/jquery.vide.js
INFO: [ app_init ] --START--
INFO: Run Behavior\BuildLiteBehavior [ RunTime:0.000204s ]
INFO: [ app_init ] --END-- [ RunTime:0.005437s ]
ERR: 无法加载模块:Js

[ 2016-01-09T03:38:37+08:00 ] 157.55.39.155 /robots.txt
INFO: [ app_init ] --START--
INFO: Run Behavior\BuildLiteBehavior [ RunTime:0.000204s ]
INFO: [ app_init ] --END-- [ RunTime:0.005202s ]
ERR: 无法加载模块:Robots

[ 2016-01-09T15:01:59+08:00 ] 203.208.60.12 /robots.txt
INFO: [ app_init ] --START--
INFO: Run Behavior\BuildLiteBehavior [ RunTime:0.000203s ]
INFO: [ app_init ] --END-- [ RunTime:0.005413s ]
ERR: 无法加载模块:Robots

[ 2016-01-09T15:07:38+08:00 ] 203.208.60.18 /robots.txt
INFO: [ app_init ] --START--
INFO: Run Behavior\BuildLiteBehavior [ RunTime:0.000205s ]
INFO: [ app_init ] --END-- [ RunTime:0.005258s ]
ERR: 无法加载模块:Robots

[ 2016-01-09T20:47:21+08:00 ] 5.9.111.70 /robots.txt
INFO: [ app_init ] --START--
INFO: Run Behavior\BuildLiteBehavior [ RunTime:0.000205s ]
INFO: [ app_init ] --END-- [ RunTime:0.005334s ]
ERR: 无法加载模块:Robots

[ 2016-01-09T20:47:25+08:00 ] 5.9.111.70 /robots.txt
INFO: [ app_init ] --START--
INFO: Run Behavior\BuildLiteBehavior [ RunTime:0.000209s ]
INFO: [ app_init ] --END-- [ RunTime:0.005331s ]
ERR: 无法加载模块:Robots

