[ 2016-01-17T00:49:57+08:00 ] 192.168.2.1 /weixin.
INFO: [ app_init ] --START--
INFO: Run Behavior\BuildLiteBehavior [ RunTime:0.000205s ]
INFO: [ app_init ] --END-- [ RunTime:0.005378s ]
ERR: 无法加载模块:Weixin

[ 2016-01-17T00:50:00+08:00 ] 192.168.2.1 /weixin/
INFO: [ app_init ] --START--
INFO: Run Behavior\BuildLiteBehavior [ RunTime:0.000200s ]
INFO: [ app_init ] --END-- [ RunTime:0.005086s ]
ERR: 无法加载模块:Weixin

[ 2016-01-17T18:00:51+08:00 ] 203.208.60.21 /robots.txt
INFO: [ app_init ] --START--
INFO: Run Behavior\BuildLiteBehavior [ RunTime:0.000204s ]
INFO: [ app_init ] --END-- [ RunTime:0.004930s ]
ERR: 无法加载模块:Robots

[ 2016-01-17T18:00:52+08:00 ] 203.208.60.21 /favicon.ico
INFO: [ app_init ] --START--
INFO: Run Behavior\BuildLiteBehavior [ RunTime:0.000200s ]
INFO: [ app_init ] --END-- [ RunTime:0.005257s ]
ERR: 无法加载模块:Favicon

