[ 2016-01-14T01:47:59+08:00 ] 136.243.103.92 /robots.txt
INFO: [ app_init ] --START--
INFO: Run Behavior\BuildLiteBehavior [ RunTime:0.000203s ]
INFO: [ app_init ] --END-- [ RunTime:0.005280s ]
ERR: 无法加载模块:Robots

[ 2016-01-14T01:48:02+08:00 ] 136.243.103.92 /robots.txt
INFO: [ app_init ] --START--
INFO: Run Behavior\BuildLiteBehavior [ RunTime:0.000201s ]
INFO: [ app_init ] --END-- [ RunTime:0.005052s ]
ERR: 无法加载模块:Robots

[ 2016-01-14T01:50:32+08:00 ] 157.55.39.243 /robots.txt
INFO: [ app_init ] --START--
INFO: Run Behavior\BuildLiteBehavior [ RunTime:0.000205s ]
INFO: [ app_init ] --END-- [ RunTime:0.005029s ]
ERR: 无法加载模块:Robots

[ 2016-01-14T01:50:36+08:00 ] 157.55.39.243 /video/ocean.webm
INFO: [ app_init ] --START--
INFO: Run Behavior\BuildLiteBehavior [ RunTime:0.000201s ]
INFO: [ app_init ] --END-- [ RunTime:0.005422s ]
ERR: 无法加载模块:Video

[ 2016-01-14T03:13:34+08:00 ] 207.46.13.13 /robots.txt
INFO: [ app_init ] --START--
INFO: Run Behavior\BuildLiteBehavior [ RunTime:0.000204s ]
INFO: [ app_init ] --END-- [ RunTime:0.005419s ]
ERR: 无法加载模块:Robots

[ 2016-01-14T04:36:55+08:00 ] 199.115.117.118 /admin/i18n/readme.txt
INFO: [ app_init ] --START--
INFO: Run Behavior\BuildLiteBehavior [ RunTime:0.000203s ]
INFO: [ app_init ] --END-- [ RunTime:0.005261s ]
ERR: 无法加载模块:Admin

[ 2016-01-14T11:52:00+08:00 ] 207.46.13.13 /js/jquery.vide.js
INFO: [ app_init ] --START--
INFO: Run Behavior\BuildLiteBehavior [ RunTime:0.000208s ]
INFO: [ app_init ] --END-- [ RunTime:0.005059s ]
ERR: 无法加载模块:Js

[ 2016-01-14T19:53:04+08:00 ] 123.125.71.41 /robots.txt
INFO: [ app_init ] --START--
INFO: Run Behavior\BuildLiteBehavior [ RunTime:0.000204s ]
INFO: [ app_init ] --END-- [ RunTime:0.005234s ]
ERR: 无法加载模块:Robots

[ 2016-01-14T21:15:35+08:00 ] 157.55.39.122 /robots.txt
INFO: [ app_init ] --START--
INFO: Run Behavior\BuildLiteBehavior [ RunTime:0.000201s ]
INFO: [ app_init ] --END-- [ RunTime:0.005005s ]
ERR: 无法加载模块:Robots

